]0;IPython: ret-mr-learning/source]0;IPython: ret-mr-learning/source. Running <Weibull MR - IRP> for  oxford  -- descriptor 1
. Experiment name:  0004.irp.weibull-fixed
  -> Starting round #: 0
--- Fitting for f in [0.1 0.2 0.3 0.4 0.5 0.6 0.7 0.8] and z in [0.2 0.4 0.6 0.8 1. ]
-> Total iterations: 40
  |_ Iteration #0: f = 0.10 and z = 0.20
     -> # samples: 27 | Elapsed: 0.358s | Avg. Wbl. Time 0.009s | Avg. Qtl. Time 0.003s
     -> M = 0.218  |  Best = 0.000
     -- Updating F: 0.1 -> 0.1
     -- Updating Z: 0.2 -> 0.2
  --

  |_ Iteration #1: f = 0.10 and z = 0.40
     -> # samples: 27 | Elapsed: 0.197s | Avg. Wbl. Time 0.004s | Avg. Qtl. Time 0.003s
     -> M = 0.476  |  Best = 0.218
     -- Updating F: 0.1 -> 0.1
     -- Updating Z: 0.2 -> 0.4
  --

  |_ Iteration #2: f = 0.10 and z = 0.60
     -> # samples: 27 | Elapsed: 0.194s | Avg. Wbl. Time 0.004s | Avg. Qtl. Time 0.003s
     -> M = 0.506  |  Best = 0.476
     -- Updating F: 0.1 -> 0.1
     -- Updating Z: 0.4 -> 0.6
  --

  |_ Iteration #3: f = 0.10 and z = 0.80
     -> # samples: 27 | Elapsed: 0.196s | Avg. Wbl. Time 0.004s | Avg. Qtl. Time 0.003s
     -> M = 0.499  |  Best = 0.506
  --

  |_ Iteration #4: f = 0.10 and z = 1.00
     -> # samples: 27 | Elapsed: 0.202s | Avg. Wbl. Time 0.004s | Avg. Qtl. Time 0.003s
     -> M = 0.379  |  Best = 0.506
  --

  |_ Iteration #5: f = 0.20 and z = 0.20
     -> # samples: 27 | Elapsed: 0.214s | Avg. Wbl. Time 0.004s | Avg. Qtl. Time 0.003s
     -> M = 0.000  |  Best = 0.506
  --

  |_ Iteration #6: f = 0.20 and z = 0.40
     -> # samples: 27 | Elapsed: 0.210s | Avg. Wbl. Time 0.004s | Avg. Qtl. Time 0.003s
     -> M = 0.217  |  Best = 0.506
  --

  |_ Iteration #7: f = 0.20 and z = 0.60
     -> # samples: 27 | Elapsed: 0.211s | Avg. Wbl. Time 0.004s | Avg. Qtl. Time 0.003s
     -> M = 0.627  |  Best = 0.506
     -- Updating F: 0.1 -> 0.2
     -- Updating Z: 0.6 -> 0.6
  --

  |_ Iteration #8: f = 0.20 and z = 0.80
     -> # samples: 27 | Elapsed: 0.207s | Avg. Wbl. Time 0.004s | Avg. Qtl. Time 0.003s
     -> M = 0.571  |  Best = 0.627
  --

  |_ Iteration #9: f = 0.20 and z = 1.00
     -> # samples: 27 | Elapsed: 0.197s | Avg. Wbl. Time 0.004s | Avg. Qtl. Time 0.003s
     -> M = 0.426  |  Best = 0.627
  --

  |_ Iteration #10: f = 0.30 and z = 0.20
     -> # samples: 27 | Elapsed: 0.194s | Avg. Wbl. Time 0.004s | Avg. Qtl. Time 0.003s
     -> M = 0.000  |  Best = 0.627
  --

  |_ Iteration #11: f = 0.30 and z = 0.40
     -> # samples: 27 | Elapsed: 0.195s | Avg. Wbl. Time 0.004s | Avg. Qtl. Time 0.003s
     -> M = 0.000  |  Best = 0.627
  --

  |_ Iteration #12: f = 0.30 and z = 0.60
     -> # samples: 27 | Elapsed: 0.194s | Avg. Wbl. Time 0.004s | Avg. Qtl. Time 0.003s
     -> M = 0.370  |  Best = 0.627
  --

  |_ Iteration #13: f = 0.30 and z = 0.80
     -> # samples: 27 | Elapsed: 0.194s | Avg. Wbl. Time 0.004s | Avg. Qtl. Time 0.003s
     -> M = 0.715  |  Best = 0.627
     -- Updating F: 0.2 -> 0.3
     -- Updating Z: 0.6 -> 0.8
  --

  |_ Iteration #14: f = 0.30 and z = 1.00
     -> # samples: 27 | Elapsed: 0.192s | Avg. Wbl. Time 0.004s | Avg. Qtl. Time 0.003s
     -> M = 0.506  |  Best = 0.715
  --

  |_ Iteration #15: f = 0.40 and z = 0.20
     -> # samples: 27 | Elapsed: 0.191s | Avg. Wbl. Time 0.004s | Avg. Qtl. Time 0.003s
     -> M = 0.000  |  Best = 0.715
  --

  |_ Iteration #16: f = 0.40 and z = 0.40
     -> # samples: 27 | Elapsed: 0.198s | Avg. Wbl. Time 0.004s | Avg. Qtl. Time 0.003s
     -> M = 0.000  |  Best = 0.715
  --

  |_ Iteration #17: f = 0.40 and z = 0.60
     -> # samples: 27 | Elapsed: 0.190s | Avg. Wbl. Time 0.004s | Avg. Qtl. Time 0.003s
     -> M = 0.000  |  Best = 0.715
  --

  |_ Iteration #18: f = 0.40 and z = 0.80
     -> # samples: 27 | Elapsed: 0.195s | Avg. Wbl. Time 0.004s | Avg. Qtl. Time 0.003s
     -> M = 0.606  |  Best = 0.715
  --

  |_ Iteration #19: f = 0.40 and z = 1.00
     -> # samples: 27 | Elapsed: 0.193s | Avg. Wbl. Time 0.004s | Avg. Qtl. Time 0.003s
     -> M = 0.587  |  Best = 0.715
  --

  |_ Iteration #20: f = 0.50 and z = 0.20
     -> # samples: 27 | Elapsed: 0.196s | Avg. Wbl. Time 0.004s | Avg. Qtl. Time 0.003s
     -> M = 0.000  |  Best = 0.715
  --

  |_ Iteration #21: f = 0.50 and z = 0.40
     -> # samples: 27 | Elapsed: 0.199s | Avg. Wbl. Time 0.004s | Avg. Qtl. Time 0.003s
     -> M = 0.000  |  Best = 0.715
  --

  |_ Iteration #22: f = 0.50 and z = 0.60
     -> # samples: 27 | Elapsed: 0.199s | Avg. Wbl. Time 0.004s | Avg. Qtl. Time 0.003s
     -> M = 0.000  |  Best = 0.715
  --

  |_ Iteration #23: f = 0.50 and z = 0.80
     -> # samples: 27 | Elapsed: 0.196s | Avg. Wbl. Time 0.004s | Avg. Qtl. Time 0.003s
     -> M = 0.000  |  Best = 0.715
  --

  |_ Iteration #24: f = 0.50 and z = 1.00
     -> # samples: 27 | Elapsed: 0.196s | Avg. Wbl. Time 0.004s | Avg. Qtl. Time 0.003s
     -> M = 0.679  |  Best = 0.715
  --

  |_ Iteration #25: f = 0.60 and z = 0.20
     -> # samples: 27 | Elapsed: 0.192s | Avg. Wbl. Time 0.004s | Avg. Qtl. Time 0.003s
     -> M = 0.000  |  Best = 0.715
  --

  |_ Iteration #26: f = 0.60 and z = 0.40
     -> # samples: 27 | Elapsed: 0.192s | Avg. Wbl. Time 0.004s | Avg. Qtl. Time 0.003s
     -> M = 0.000  |  Best = 0.715
  --

  |_ Iteration #27: f = 0.60 and z = 0.60
     -> # samples: 27 | Elapsed: 0.192s | Avg. Wbl. Time 0.004s | Avg. Qtl. Time 0.003s
     -> M = 0.000  |  Best = 0.715
  --

  |_ Iteration #28: f = 0.60 and z = 0.80
     -> # samples: 27 | Elapsed: 0.192s | Avg. Wbl. Time 0.004s | Avg. Qtl. Time 0.003s
     -> M = 0.000  |  Best = 0.715
  --

  |_ Iteration #29: f = 0.60 and z = 1.00
     -> # samples: 27 | Elapsed: 0.192s | Avg. Wbl. Time 0.004s | Avg. Qtl. Time 0.003s
     -> M = 0.615  |  Best = 0.715
  --

  |_ Iteration #30: f = 0.70 and z = 0.20
     -> # samples: 27 | Elapsed: 0.193s | Avg. Wbl. Time 0.004s | Avg. Qtl. Time 0.003s
     -> M = 0.000  |  Best = 0.715
  --

  |_ Iteration #31: f = 0.70 and z = 0.40
     -> # samples: 27 | Elapsed: 0.194s | Avg. Wbl. Time 0.004s | Avg. Qtl. Time 0.003s
     -> M = 0.000  |  Best = 0.715
  --

  |_ Iteration #32: f = 0.70 and z = 0.60
     -> # samples: 27 | Elapsed: 0.194s | Avg. Wbl. Time 0.004s | Avg. Qtl. Time 0.003s
     -> M = 0.000  |  Best = 0.715
  --

  |_ Iteration #33: f = 0.70 and z = 0.80
     -> # samples: 27 | Elapsed: 0.193s | Avg. Wbl. Time 0.004s | Avg. Qtl. Time 0.003s
     -> M = 0.000  |  Best = 0.715
  --

  |_ Iteration #34: f = 0.70 and z = 1.00
     -> # samples: 27 | Elapsed: 0.196s | Avg. Wbl. Time 0.004s | Avg. Qtl. Time 0.003s
     -> M = 0.000  |  Best = 0.715
  --

  |_ Iteration #35: f = 0.80 and z = 0.20
     -> # samples: 27 | Elapsed: 0.192s | Avg. Wbl. Time 0.004s | Avg. Qtl. Time 0.003s
     -> M = 0.000  |  Best = 0.715
  --

  |_ Iteration #36: f = 0.80 and z = 0.40
     -> # samples: 27 | Elapsed: 0.191s | Avg. Wbl. Time 0.004s | Avg. Qtl. Time 0.003s
     -> M = 0.000  |  Best = 0.715
  --

  |_ Iteration #37: f = 0.80 and z = 0.60
     -> # samples: 27 | Elapsed: 0.213s | Avg. Wbl. Time 0.004s | Avg. Qtl. Time 0.003s
     -> M = 0.000  |  Best = 0.715
  --

  |_ Iteration #38: f = 0.80 and z = 0.80
     -> # samples: 27 | Elapsed: 0.210s | Avg. Wbl. Time 0.004s | Avg. Qtl. Time 0.003s
     -> M = 0.000  |  Best = 0.715
  --

  |_ Iteration #39: f = 0.80 and z = 1.00
     -> # samples: 27 | Elapsed: 0.214s | Avg. Wbl. Time 0.004s | Avg. Qtl. Time 0.003s
     -> M = 0.000  |  Best = 0.715
  --

       -> With [1] as training (F, Z) = (0.30000000000000004, 0.8)
    ->  oxford_desc1_r000_000_top10_irp.npy ... Done!
--- Fitting for f in [0.1 0.2 0.3 0.4 0.5 0.6 0.7 0.8] and z in [0.2 0.4 0.6 0.8 1. ]
-> Total iterations: 40
  |_ Iteration #0: f = 0.10 and z = 0.20
     -> # samples: 28 | Elapsed: 0.217s | Avg. Wbl. Time 0.004s | Avg. Qtl. Time 0.003s
     -> M = 0.047  |  Best = 0.000
     -- Updating F: 0.1 -> 0.1
     -- Updating Z: 0.2 -> 0.2
  --

  |_ Iteration #1: f = 0.10 and z = 0.40
     -> # samples: 28 | Elapsed: 0.196s | Avg. Wbl. Time 0.004s | Avg. Qtl. Time 0.003s
     -> M = 0.172  |  Best = 0.047
     -- Updating F: 0.1 -> 0.1
     -- Updating Z: 0.2 -> 0.4
  --

  |_ Iteration #2: f = 0.10 and z = 0.60
     -> # samples: 28 | Elapsed: 0.193s | Avg. Wbl. Time 0.004s | Avg. Qtl. Time 0.003s
     -> M = 0.362  |  Best = 0.172
     -- Updating F: 0.1 -> 0.1
     -- Updating Z: 0.4 -> 0.6
  --

  |_ Iteration #3: f = 0.10 and z = 0.80
     -> # samples: 28 | Elapsed: 0.193s | Avg. Wbl. Time 0.004s | Avg. Qtl. Time 0.003s
     -> M = 0.340  |  Best = 0.362
  --

  |_ Iteration #4: f = 0.10 and z = 1.00
     -> # samples: 28 | Elapsed: 0.194s | Avg. Wbl. Time 0.004s | Avg. Qtl. Time 0.003s
     -> M = 0.260  |  Best = 0.362
  --

  |_ Iteration #5: f = 0.20 and z = 0.20
     -> # samples: 28 | Elapsed: 0.197s | Avg. Wbl. Time 0.004s | Avg. Qtl. Time 0.003s
     -> M = -0.038  |  Best = 0.362
  --

  |_ Iteration #6: f = 0.20 and z = 0.40
     -> # samples: 28 | Elapsed: 0.194s | Avg. Wbl. Time 0.004s | Avg. Qtl. Time 0.003s
     -> M = -0.074  |  Best = 0.362
  --

  |_ Iteration #7: f = 0.20 and z = 0.60
     -> # samples: 28 | Elapsed: 0.192s | Avg. Wbl. Time 0.004s | Avg. Qtl. Time 0.003s
     -> M = 0.308  |  Best = 0.362
  --

  |_ Iteration #8: f = 0.20 and z = 0.80
     -> # samples: 28 | Elapsed: 0.193s | Avg. Wbl. Time 0.004s | Avg. Qtl. Time 0.003s
     -> M = 0.457  |  Best = 0.362
     -- Updating F: 0.1 -> 0.2
     -- Updating Z: 0.6 -> 0.8
  --

  |_ Iteration #9: f = 0.20 and z = 1.00
     -> # samples: 28 | Elapsed: 0.192s | Avg. Wbl. Time 0.004s | Avg. Qtl. Time 0.003s
     -> M = 0.341  |  Best = 0.457
  --

  |_ Iteration #10: f = 0.30 and z = 0.20
     -> # samples: 28 | Elapsed: 0.192s | Avg. Wbl. Time 0.004s | Avg. Qtl. Time 0.003s
     -> M = 0.000  |  Best = 0.457
  --

  |_ Iteration #11: f = 0.30 and z = 0.40
     -> # samples: 28 | Elapsed: 0.193s | Avg. Wbl. Time 0.004s | Avg. Qtl. Time 0.003s
     -> M = 0.000  |  Best = 0.457
  --

  |_ Iteration #12: f = 0.30 and z = 0.60
     -> # samples: 28 | Elapsed: 0.194s | Avg. Wbl. Time 0.004s | Avg. Qtl. Time 0.003s
     -> M = 0.271  |  Best = 0.457
  --

  |_ Iteration #13: f = 0.30 and z = 0.80
     -> # samples: 28 | Elapsed: 0.192s | Avg. Wbl. Time 0.004s | Avg. Qtl. Time 0.003s
     -> M = 0.608  |  Best = 0.457
     -- Updating F: 0.2 -> 0.3
     -- Updating Z: 0.8 -> 0.8
  --

  |_ Iteration #14: f = 0.30 and z = 1.00
     -> # samples: 28 | Elapsed: 0.191s | Avg. Wbl. Time 0.004s | Avg. Qtl. Time 0.003s
     -> M = 0.433  |  Best = 0.608
  --

  |_ Iteration #15: f = 0.40 and z = 0.20
     -> # samples: 28 | Elapsed: 0.191s | Avg. Wbl. Time 0.004s | Avg. Qtl. Time 0.003s
     -> M = 0.000  |  Best = 0.608
  --

  |_ Iteration #16: f = 0.40 and z = 0.40
     -> # samples: 28 | Elapsed: 0.194s | Avg. Wbl. Time 0.004s | Avg. Qtl. Time 0.003s
     -> M = 0.000  |  Best = 0.608
  --

  |_ Iteration #17: f = 0.40 and z = 0.60
     -> # samples: 28 | Elapsed: 0.193s | Avg. Wbl. Time 0.004s | Avg. Qtl. Time 0.003s
     -> M = 0.000  |  Best = 0.608
  --

  |_ Iteration #18: f = 0.40 and z = 0.80
     -> # samples: 28 | Elapsed: 0.194s | Avg. Wbl. Time 0.004s | Avg. Qtl. Time 0.003s
     -> M = 0.341  |  Best = 0.608
  --

  |_ Iteration #19: f = 0.40 and z = 1.00
     -> # samples: 28 | Elapsed: 0.193s | Avg. Wbl. Time 0.004s | Avg. Qtl. Time 0.003s
     -> M = 0.604  |  Best = 0.608
  --

  |_ Iteration #20: f = 0.50 and z = 0.20
     -> # samples: 28 | Elapsed: 0.194s | Avg. Wbl. Time 0.004s | Avg. Qtl. Time 0.003s
     -> M = 0.000  |  Best = 0.608
  --

  |_ Iteration #21: f = 0.50 and z = 0.40
     -> # samples: 28 | Elapsed: 0.192s | Avg. Wbl. Time 0.004s | Avg. Qtl. Time 0.003s
     -> M = 0.000  |  Best = 0.608
  --

  |_ Iteration #22: f = 0.50 and z = 0.60
     -> # samples: 28 | Elapsed: 0.193s | Avg. Wbl. Time 0.004s | Avg. Qtl. Time 0.003s
     -> M = 0.000  |  Best = 0.608
  --

  |_ Iteration #23: f = 0.50 and z = 0.80
     -> # samples: 28 | Elapsed: 0.193s | Avg. Wbl. Time 0.004s | Avg. Qtl. Time 0.003s
     -> M = 0.000  |  Best = 0.608
  --

  |_ Iteration #24: f = 0.50 and z = 1.00
     -> # samples: 28 | Elapsed: 0.198s | Avg. Wbl. Time 0.004s | Avg. Qtl. Time 0.003s
     -> M = 0.717  |  Best = 0.608
     -- Updating F: 0.3 -> 0.5
     -- Updating Z: 0.8 -> 1.0
  --

  |_ Iteration #25: f = 0.60 and z = 0.20
     -> # samples: 28 | Elapsed: 0.193s | Avg. Wbl. Time 0.004s | Avg. Qtl. Time 0.003s
     -> M = 0.000  |  Best = 0.717
  --

  |_ Iteration #26: f = 0.60 and z = 0.40
     -> # samples: 28 | Elapsed: 0.194s | Avg. Wbl. Time 0.004s | Avg. Qtl. Time 0.003s
     -> M = 0.000  |  Best = 0.717
  --

  |_ Iteration #27: f = 0.60 and z = 0.60
     -> # samples: 28 | Elapsed: 0.193s | Avg. Wbl. Time 0.004s | Avg. Qtl. Time 0.003s
     -> M = 0.000  |  Best = 0.717
  --

  |_ Iteration #28: f = 0.60 and z = 0.80
     -> # samples: 28 | Elapsed: 0.193s | Avg. Wbl. Time 0.004s | Avg. Qtl. Time 0.003s
     -> M = 0.000  |  Best = 0.717
  --

  |_ Iteration #29: f = 0.60 and z = 1.00
     -> # samples: 28 | Elapsed: 0.193s | Avg. Wbl. Time 0.004s | Avg. Qtl. Time 0.003s
     -> M = 0.482  |  Best = 0.717
  --

  |_ Iteration #30: f = 0.70 and z = 0.20
     -> # samples: 28 | Elapsed: 0.202s | Avg. Wbl. Time 0.004s | Avg. Qtl. Time 0.003s
     -> M = 0.000  |  Best = 0.717
  --

  |_ Iteration #31: f = 0.70 and z = 0.40
     -> # samples: 28 | Elapsed: 0.203s | Avg. Wbl. Time 0.004s | Avg. Qtl. Time 0.003s
     -> M = 0.000  |  Best = 0.717
  --

  |_ Iteration #32: f = 0.70 and z = 0.60
     -> # samples: 28 | Elapsed: 0.200s | Avg. Wbl. Time 0.004s | Avg. Qtl. Time 0.003s
     -> M = 0.000  |  Best = 0.717
  --

  |_ Iteration #33: f = 0.70 and z = 0.80
     -> # samples: 28 | Elapsed: 0.199s | Avg. Wbl. Time 0.004s | Avg. Qtl. Time 0.003s
     -> M = 0.000  |  Best = 0.717
  --

  |_ Iteration #34: f = 0.70 and z = 1.00
     -> # samples: 28 | Elapsed: 0.201s | Avg. Wbl. Time 0.004s | Avg. Qtl. Time 0.003s
     -> M = 0.000  |  Best = 0.717
  --

  |_ Iteration #35: f = 0.80 and z = 0.20
     -> # samples: 28 | Elapsed: 0.200s | Avg. Wbl. Time 0.004s | Avg. Qtl. Time 0.003s
     -> M = 0.000  |  Best = 0.717
  --

  |_ Iteration #36: f = 0.80 and z = 0.40
     -> # samples: 28 | Elapsed: 0.199s | Avg. Wbl. Time 0.004s | Avg. Qtl. Time 0.003s
     -> M = 0.000  |  Best = 0.717
  --

  |_ Iteration #37: f = 0.80 and z = 0.60
     -> # samples: 28 | Elapsed: 0.200s | Avg. Wbl. Time 0.004s | Avg. Qtl. Time 0.003s
     -> M = 0.000  |  Best = 0.717
  --

  |_ Iteration #38: f = 0.80 and z = 0.80
     -> # samples: 28 | Elapsed: 0.200s | Avg. Wbl. Time 0.004s | Avg. Qtl. Time 0.003s
     -> M = 0.000  |  Best = 0.717
  --

  |_ Iteration #39: f = 0.80 and z = 1.00
     -> # samples: 28 | Elapsed: 0.200s | Avg. Wbl. Time 0.004s | Avg. Qtl. Time 0.003s
     -> M = 0.000  |  Best = 0.717
  --

       -> With [0] as training (F, Z) = (0.5, 1.0)
    ->  oxford_desc1_r000_001_top10_irp.npy ... Done!
  -> Starting round #: 1
--- Fitting for f in [0.1 0.2 0.3 0.4 0.5 0.6 0.7 0.8] and z in [0.2 0.4 0.6 0.8 1. ]
-> Total iterations: 40
  |_ Iteration #0: f = 0.10 and z = 0.20
     -> # samples: 27 | Elapsed: 0.197s | Avg. Wbl. Time 0.004s | Avg. Qtl. Time 0.003s
     -> M = 0.157  |  Best = 0.000
     -- Updating F: 0.1 -> 0.1
     -- Updating Z: 0.2 -> 0.2
  --

  |_ Iteration #1: f = 0.10 and z = 0.40
     -> # samples: 27 | Elapsed: 0.199s | Avg. Wbl. Time 0.004s | Avg. Qtl. Time 0.003s
     -> M = 0.360  |  Best = 0.157
     -- Updating F: 0.1 -> 0.1
     -- Updating Z: 0.2 -> 0.4
  --

  |_ Iteration #2: f = 0.10 and z = 0.60
     -> # samples: 27 | Elapsed: 0.206s | Avg. Wbl. Time 0.004s | Avg. Qtl. Time 0.003s
     -> M = 0.463  |  Best = 0.360
     -- Updating F: 0.1 -> 0.1
     -- Updating Z: 0.4 -> 0.6
  --

  |_ Iteration #3: f = 0.10 and z = 0.80
     -> # samples: 27 | Elapsed: 0.194s | Avg. Wbl. Time 0.004s | Avg. Qtl. Time 0.003s
     -> M = 0.436  |  Best = 0.463
  --

  |_ Iteration #4: f = 0.10 and z = 1.00
     -> # samples: 27 | Elapsed: 0.201s | Avg. Wbl. Time 0.004s | Avg. Qtl. Time 0.003s
     -> M = 0.336  |  Best = 0.463
  --

  |_ Iteration #5: f = 0.20 and z = 0.20
     -> # samples: 27 | Elapsed: 0.219s | Avg. Wbl. Time 0.004s | Avg. Qtl. Time 0.004s
     -> M = 0.000  |  Best = 0.463
  --

  |_ Iteration #6: f = 0.20 and z = 0.40
     -> # samples: 27 | Elapsed: 0.206s | Avg. Wbl. Time 0.004s | Avg. Qtl. Time 0.003s
     -> M = 0.129  |  Best = 0.463
  --

  |_ Iteration #7: f = 0.20 and z = 0.60
     -> # samples: 27 | Elapsed: 0.203s | Avg. Wbl. Time 0.004s | Avg. Qtl. Time 0.003s
     -> M = 0.525  |  Best = 0.463
     -- Updating F: 0.1 -> 0.2
     -- Updating Z: 0.6 -> 0.6
  --

  |_ Iteration #8: f = 0.20 and z = 0.80
     -> # samples: 27 | Elapsed: 0.204s | Avg. Wbl. Time 0.004s | Avg. Qtl. Time 0.003s
     -> M = 0.548  |  Best = 0.525
     -- Updating F: 0.2 -> 0.2
     -- Updating Z: 0.6 -> 0.8
  --

  |_ Iteration #9: f = 0.20 and z = 1.00
     -> # samples: 27 | Elapsed: 0.231s | Avg. Wbl. Time 0.005s | Avg. Qtl. Time 0.004s
     -> M = 0.403  |  Best = 0.548
  --

  |_ Iteration #10: f = 0.30 and z = 0.20
     -> # samples: 27 | Elapsed: 0.225s | Avg. Wbl. Time 0.004s | Avg. Qtl. Time 0.004s
     -> M = 0.000  |  Best = 0.548
  --

  |_ Iteration #11: f = 0.30 and z = 0.40
     -> # samples: 27 | Elapsed: 0.281s | Avg. Wbl. Time 0.006s | Avg. Qtl. Time 0.004s
     -> M = 0.000  |  Best = 0.548
  --

  |_ Iteration #12: f = 0.30 and z = 0.60
     -> # samples: 27 | Elapsed: 0.303s | Avg. Wbl. Time 0.006s | Avg. Qtl. Time 0.005s
     -> M = 0.297  |  Best = 0.548
  --

  |_ Iteration #13: f = 0.30 and z = 0.80
     -> # samples: 27 | Elapsed: 0.248s | Avg. Wbl. Time 0.005s | Avg. Qtl. Time 0.004s
     -> M = 0.619  |  Best = 0.548
     -- Updating F: 0.2 -> 0.3
     -- Updating Z: 0.8 -> 0.8
  --

  |_ Iteration #14: f = 0.30 and z = 1.00
     -> # samples: 27 | Elapsed: 0.226s | Avg. Wbl. Time 0.005s | Avg. Qtl. Time 0.003s
     -> M = 0.487  |  Best = 0.619
  --

  |_ Iteration #15: f = 0.40 and z = 0.20
     -> # samples: 27 | Elapsed: 0.215s | Avg. Wbl. Time 0.004s | Avg. Qtl. Time 0.003s
     -> M = 0.000  |  Best = 0.619
  --

  |_ Iteration #16: f = 0.40 and z = 0.40
     -> # samples: 27 | Elapsed: 0.221s | Avg. Wbl. Time 0.004s | Avg. Qtl. Time 0.004s
     -> M = 0.000  |  Best = 0.619
  --

  |_ Iteration #17: f = 0.40 and z = 0.60
     -> # samples: 27 | Elapsed: 0.270s | Avg. Wbl. Time 0.005s | Avg. Qtl. Time 0.004s
     -> M = 0.000  |  Best = 0.619
  --

  |_ Iteration #18: f = 0.40 and z = 0.80
     -> # samples: 27 | Elapsed: 0.209s | Avg. Wbl. Time 0.004s | Avg. Qtl. Time 0.003s
     -> M = 0.413  |  Best = 0.619
  --

  |_ Iteration #19: f = 0.40 and z = 1.00
     -> # samples: 27 | Elapsed: 0.269s | Avg. Wbl. Time 0.005s | Avg. Qtl. Time 0.004s
     -> M = 0.584  |  Best = 0.619
  --

  |_ Iteration #20: f = 0.50 and z = 0.20
     -> # samples: 27 | Elapsed: 0.210s | Avg. Wbl. Time 0.004s | Avg. Qtl. Time 0.003s
     -> M = 0.000  |  Best = 0.619
  --

  |_ Iteration #21: f = 0.50 and z = 0.40
     -> # samples: 27 | Elapsed: 0.212s | Avg. Wbl. Time 0.004s | Avg. Qtl. Time 0.003s
     -> M = 0.000  |  Best = 0.619
  --

  |_ Iteration #22: f = 0.50 and z = 0.60
     -> # samples: 27 | Elapsed: 0.192s | Avg. Wbl. Time 0.004s | Avg. Qtl. Time 0.003s
     -> M = 0.000  |  Best = 0.619
  --

  |_ Iteration #23: f = 0.50 and z = 0.80
     -> # samples: 27 | Elapsed: 0.194s | Avg. Wbl. Time 0.004s | Avg. Qtl. Time 0.003s
     -> M = 0.000  |  Best = 0.619
  --

  |_ Iteration #24: f = 0.50 and z = 1.00
     -> # samples: 27 | Elapsed: 0.202s | Avg. Wbl. Time 0.004s | Avg. Qtl. Time 0.003s
     -> M = 0.644  |  Best = 0.619
     -- Updating F: 0.3 -> 0.5
     -- Updating Z: 0.8 -> 1.0
  --

  |_ Iteration #25: f = 0.60 and z = 0.20
     -> # samples: 27 | Elapsed: 0.195s | Avg. Wbl. Time 0.004s | Avg. Qtl. Time 0.003s
     -> M = 0.000  |  Best = 0.644
  --

  |_ Iteration #26: f = 0.60 and z = 0.40
     -> # samples: 27 | Elapsed: 0.195s | Avg. Wbl. Time 0.004s | Avg. Qtl. Time 0.003s
     -> M = 0.000  |  Best = 0.644
  --

  |_ Iteration #27: f = 0.60 and z = 0.60
     -> # samples: 27 | Elapsed: 0.191s | Avg. Wbl. Time 0.004s | Avg. Qtl. Time 0.003s
     -> M = 0.000  |  Best = 0.644
  --

  |_ Iteration #28: f = 0.60 and z = 0.80
     -> # samples: 27 | Elapsed: 0.194s | Avg. Wbl. Time 0.004s | Avg. Qtl. Time 0.003s
     -> M = 0.000  |  Best = 0.644
  --

  |_ Iteration #29: f = 0.60 and z = 1.00
     -> # samples: 27 | Elapsed: 0.190s | Avg. Wbl. Time 0.004s | Avg. Qtl. Time 0.003s
     -> M = 0.461  |  Best = 0.644
  --

  |_ Iteration #30: f = 0.70 and z = 0.20
     -> # samples: 27 | Elapsed: 0.192s | Avg. Wbl. Time 0.004s | Avg. Qtl. Time 0.003s
     -> M = 0.000  |  Best = 0.644
  --

  |_ Iteration #31: f = 0.70 and z = 0.40
     -> # samples: 27 | Elapsed: 0.194s | Avg. Wbl. Time 0.004s | Avg. Qtl. Time 0.003s
     -> M = 0.000  |  Best = 0.644
  --

  |_ Iteration #32: f = 0.70 and z = 0.60
     -> # samples: 27 | Elapsed: 0.191s | Avg. Wbl. Time 0.004s | Avg. Qtl. Time 0.003s
     -> M = 0.000  |  Best = 0.644
  --

  |_ Iteration #33: f = 0.70 and z = 0.80
     -> # samples: 27 | Elapsed: 0.192s | Avg. Wbl. Time 0.004s | Avg. Qtl. Time 0.003s
     -> M = 0.000  |  Best = 0.644
  --

  |_ Iteration #34: f = 0.70 and z = 1.00
     -> # samples: 27 | Elapsed: 0.207s | Avg. Wbl. Time 0.004s | Avg. Qtl. Time 0.003s
     -> M = 0.000  |  Best = 0.644
  --

  |_ Iteration #35: f = 0.80 and z = 0.20
     -> # samples: 27 | Elapsed: 0.192s | Avg. Wbl. Time 0.004s | Avg. Qtl. Time 0.003s
     -> M = 0.000  |  Best = 0.644
  --

  |_ Iteration #36: f = 0.80 and z = 0.40
     -> # samples: 27 | Elapsed: 0.193s | Avg. Wbl. Time 0.004s | Avg. Qtl. Time 0.003s
     -> M = 0.000  |  Best = 0.644
  --

  |_ Iteration #37: f = 0.80 and z = 0.60
     -> # samples: 27 | Elapsed: 0.192s | Avg. Wbl. Time 0.004s | Avg. Qtl. Time 0.003s
     -> M = 0.000  |  Best = 0.644
  --

  |_ Iteration #38: f = 0.80 and z = 0.80
     -> # samples: 27 | Elapsed: 0.193s | Avg. Wbl. Time 0.004s | Avg. Qtl. Time 0.003s
     -> M = 0.000  |  Best = 0.644
  --

  |_ Iteration #39: f = 0.80 and z = 1.00
     -> # samples: 27 | Elapsed: 0.197s | Avg. Wbl. Time 0.004s | Avg. Qtl. Time 0.003s
     -> M = 0.000  |  Best = 0.644
  --

       -> With [1] as training (F, Z) = (0.5, 1.0)
    ->  oxford_desc1_r001_000_top10_irp.npy ... Done!
--- Fitting for f in [0.1 0.2 0.3 0.4 0.5 0.6 0.7 0.8] and z in [0.2 0.4 0.6 0.8 1. ]
-> Total iterations: 40
  |_ Iteration #0: f = 0.10 and z = 0.20
     -> # samples: 28 | Elapsed: 0.216s | Avg. Wbl. Time 0.004s | Avg. Qtl. Time 0.003s
     -> M = 0.172  |  Best = 0.000
     -- Updating F: 0.1 -> 0.1
     -- Updating Z: 0.2 -> 0.2
  --

  |_ Iteration #1: f = 0.10 and z = 0.40
     -> # samples: 28 | Elapsed: 0.205s | Avg. Wbl. Time 0.004s | Avg. Qtl. Time 0.003s
     -> M = 0.316  |  Best = 0.172
     -- Updating F: 0.1 -> 0.1
     -- Updating Z: 0.2 -> 0.4
  --

  |_ Iteration #2: f = 0.10 and z = 0.60
     -> # samples: 28 | Elapsed: 0.198s | Avg. Wbl. Time 0.004s | Avg. Qtl. Time 0.003s
     -> M = 0.418  |  Best = 0.316
     -- Updating F: 0.1 -> 0.1
     -- Updating Z: 0.4 -> 0.6
  --

  |_ Iteration #3: f = 0.10 and z = 0.80
     -> # samples: 28 | Elapsed: 0.198s | Avg. Wbl. Time 0.004s | Avg. Qtl. Time 0.003s
     -> M = 0.407  |  Best = 0.418
  --

  |_ Iteration #4: f = 0.10 and z = 1.00
     -> # samples: 28 | Elapsed: 0.199s | Avg. Wbl. Time 0.004s | Avg. Qtl. Time 0.003s
     -> M = 0.302  |  Best = 0.418
  --

  |_ Iteration #5: f = 0.20 and z = 0.20
     -> # samples: 28 | Elapsed: 0.198s | Avg. Wbl. Time 0.004s | Avg. Qtl. Time 0.003s
     -> M = -0.040  |  Best = 0.418
  --

  |_ Iteration #6: f = 0.20 and z = 0.40
     -> # samples: 28 | Elapsed: 0.204s | Avg. Wbl. Time 0.004s | Avg. Qtl. Time 0.003s
     -> M = 0.080  |  Best = 0.418
  --

  |_ Iteration #7: f = 0.20 and z = 0.60
     -> # samples: 28 | Elapsed: 0.202s | Avg. Wbl. Time 0.004s | Avg. Qtl. Time 0.003s
     -> M = 0.447  |  Best = 0.418
     -- Updating F: 0.1 -> 0.2
     -- Updating Z: 0.6 -> 0.6
  --

  |_ Iteration #8: f = 0.20 and z = 0.80
     -> # samples: 28 | Elapsed: 0.201s | Avg. Wbl. Time 0.004s | Avg. Qtl. Time 0.003s
     -> M = 0.494  |  Best = 0.447
     -- Updating F: 0.2 -> 0.2
     -- Updating Z: 0.6 -> 0.8
  --

  |_ Iteration #9: f = 0.20 and z = 1.00
     -> # samples: 28 | Elapsed: 0.205s | Avg. Wbl. Time 0.004s | Avg. Qtl. Time 0.003s
     -> M = 0.366  |  Best = 0.494
  --

  |_ Iteration #10: f = 0.30 and z = 0.20
     -> # samples: 28 | Elapsed: 0.200s | Avg. Wbl. Time 0.004s | Avg. Qtl. Time 0.003s
     -> M = 0.000  |  Best = 0.494
  --

  |_ Iteration #11: f = 0.30 and z = 0.40
     -> # samples: 28 | Elapsed: 0.200s | Avg. Wbl. Time 0.004s | Avg. Qtl. Time 0.003s
     -> M = 0.000  |  Best = 0.494
  --

  |_ Iteration #12: f = 0.30 and z = 0.60
     -> # samples: 28 | Elapsed: 0.200s | Avg. Wbl. Time 0.004s | Avg. Qtl. Time 0.003s
     -> M = 0.369  |  Best = 0.494
  --

  |_ Iteration #13: f = 0.30 and z = 0.80
     -> # samples: 28 | Elapsed: 0.199s | Avg. Wbl. Time 0.004s | Avg. Qtl. Time 0.003s
     -> M = 0.714  |  Best = 0.494
     -- Updating F: 0.2 -> 0.3
     -- Updating Z: 0.8 -> 0.8
  --

  |_ Iteration #14: f = 0.30 and z = 1.00
     -> # samples: 28 | Elapsed: 0.201s | Avg. Wbl. Time 0.004s | Avg. Qtl. Time 0.003s
     -> M = 0.456  |  Best = 0.714
  --

  |_ Iteration #15: f = 0.40 and z = 0.20
     -> # samples: 28 | Elapsed: 0.197s | Avg. Wbl. Time 0.004s | Avg. Qtl. Time 0.003s
     -> M = 0.000  |  Best = 0.714
  --

  |_ Iteration #16: f = 0.40 and z = 0.40
     -> # samples: 28 | Elapsed: 0.198s | Avg. Wbl. Time 0.004s | Avg. Qtl. Time 0.003s
     -> M = 0.000  |  Best = 0.714
  --

  |_ Iteration #17: f = 0.40 and z = 0.60
     -> # samples: 28 | Elapsed: 0.205s | Avg. Wbl. Time 0.004s | Avg. Qtl. Time 0.003s
     -> M = 0.000  |  Best = 0.714
  --

  |_ Iteration #18: f = 0.40 and z = 0.80
     -> # samples: 28 | Elapsed: 0.203s | Avg. Wbl. Time 0.004s | Avg. Qtl. Time 0.003s
     -> M = 0.582  |  Best = 0.714
  --

  |_ Iteration #19: f = 0.40 and z = 1.00
     -> # samples: 28 | Elapsed: 0.204s | Avg. Wbl. Time 0.004s | Avg. Qtl. Time 0.003s
     -> M = 0.613  |  Best = 0.714
  --

  |_ Iteration #20: f = 0.50 and z = 0.20
     -> # samples: 28 | Elapsed: 0.204s | Avg. Wbl. Time 0.004s | Avg. Qtl. Time 0.003s
     -> M = 0.000  |  Best = 0.714
  --

  |_ Iteration #21: f = 0.50 and z = 0.40
     -> # samples: 28 | Elapsed: 0.204s | Avg. Wbl. Time 0.004s | Avg. Qtl. Time 0.003s
     -> M = 0.000  |  Best = 0.714
  --

  |_ Iteration #22: f = 0.50 and z = 0.60
     -> # samples: 28 | Elapsed: 0.205s | Avg. Wbl. Time 0.004s | Avg. Qtl. Time 0.003s
     -> M = 0.000  |  Best = 0.714
  --

  |_ Iteration #23: f = 0.50 and z = 0.80
     -> # samples: 28 | Elapsed: 0.203s | Avg. Wbl. Time 0.004s | Avg. Qtl. Time 0.003s
     -> M = 0.000  |  Best = 0.714
  --

  |_ Iteration #24: f = 0.50 and z = 1.00
     -> # samples: 28 | Elapsed: 0.204s | Avg. Wbl. Time 0.004s | Avg. Qtl. Time 0.003s
     -> M = 0.754  |  Best = 0.714
     -- Updating F: 0.3 -> 0.5
     -- Updating Z: 0.8 -> 1.0
  --

  |_ Iteration #25: f = 0.60 and z = 0.20
     -> # samples: 28 | Elapsed: 0.202s | Avg. Wbl. Time 0.004s | Avg. Qtl. Time 0.003s
     -> M = 0.000  |  Best = 0.754
  --

  |_ Iteration #26: f = 0.60 and z = 0.40
     -> # samples: 28 | Elapsed: 0.203s | Avg. Wbl. Time 0.004s | Avg. Qtl. Time 0.003s
     -> M = 0.000  |  Best = 0.754
  --

  |_ Iteration #27: f = 0.60 and z = 0.60
     -> # samples: 28 | Elapsed: 0.208s | Avg. Wbl. Time 0.004s | Avg. Qtl. Time 0.003s
     -> M = 0.000  |  Best = 0.754
  --

  |_ Iteration #28: f = 0.60 and z = 0.80
     -> # samples: 28 | Elapsed: 0.202s | Avg. Wbl. Time 0.004s | Avg. Qtl. Time 0.003s
     -> M = 0.000  |  Best = 0.754
  --

  |_ Iteration #29: f = 0.60 and z = 1.00
     -> # samples: 28 | Elapsed: 0.202s | Avg. Wbl. Time 0.004s | Avg. Qtl. Time 0.003s
     -> M = 0.654  |  Best = 0.754
  --

  |_ Iteration #30: f = 0.70 and z = 0.20
     -> # samples: 28 | Elapsed: 0.214s | Avg. Wbl. Time 0.004s | Avg. Qtl. Time 0.003s
     -> M = 0.000  |  Best = 0.754
  --

  |_ Iteration #31: f = 0.70 and z = 0.40
     -> # samples: 28 | Elapsed: 0.204s | Avg. Wbl. Time 0.004s | Avg. Qtl. Time 0.003s
     -> M = 0.000  |  Best = 0.754
  --

  |_ Iteration #32: f = 0.70 and z = 0.60
     -> # samples: 28 | Elapsed: 0.203s | Avg. Wbl. Time 0.004s | Avg. Qtl. Time 0.003s
     -> M = 0.000  |  Best = 0.754
  --

  |_ Iteration #33: f = 0.70 and z = 0.80
     -> # samples: 28 | Elapsed: 0.203s | Avg. Wbl. Time 0.004s | Avg. Qtl. Time 0.003s
     -> M = 0.000  |  Best = 0.754
  --

  |_ Iteration #34: f = 0.70 and z = 1.00
     -> # samples: 28 | Elapsed: 0.204s | Avg. Wbl. Time 0.004s | Avg. Qtl. Time 0.003s
     -> M = 0.000  |  Best = 0.754
  --

  |_ Iteration #35: f = 0.80 and z = 0.20
     -> # samples: 28 | Elapsed: 0.203s | Avg. Wbl. Time 0.004s | Avg. Qtl. Time 0.003s
     -> M = 0.000  |  Best = 0.754
  --

  |_ Iteration #36: f = 0.80 and z = 0.40
     -> # samples: 28 | Elapsed: 0.203s | Avg. Wbl. Time 0.004s | Avg. Qtl. Time 0.003s
     -> M = 0.000  |  Best = 0.754
  --

  |_ Iteration #37: f = 0.80 and z = 0.60
     -> # samples: 28 | Elapsed: 0.203s | Avg. Wbl. Time 0.004s | Avg. Qtl. Time 0.003s
     -> M = 0.000  |  Best = 0.754
  --

  |_ Iteration #38: f = 0.80 and z = 0.80
     -> # samples: 28 | Elapsed: 0.204s | Avg. Wbl. Time 0.004s | Avg. Qtl. Time 0.003s
     -> M = 0.000  |  Best = 0.754
  --

  |_ Iteration #39: f = 0.80 and z = 1.00
     -> # samples: 28 | Elapsed: 0.206s | Avg. Wbl. Time 0.004s | Avg. Qtl. Time 0.003s
     -> M = 0.000  |  Best = 0.754
  --

       -> With [0] as training (F, Z) = (0.5, 1.0)
    ->  oxford_desc1_r001_001_top10_irp.npy ... Done!
  -> Starting round #: 2
--- Fitting for f in [0.1 0.2 0.3 0.4 0.5 0.6 0.7 0.8] and z in [0.2 0.4 0.6 0.8 1. ]
-> Total iterations: 40
  |_ Iteration #0: f = 0.10 and z = 0.20
     -> # samples: 27 | Elapsed: 0.209s | Avg. Wbl. Time 0.004s | Avg. Qtl. Time 0.003s
     -> M = 0.252  |  Best = 0.000
     -- Updating F: 0.1 -> 0.1
     -- Updating Z: 0.2 -> 0.2
  --

  |_ Iteration #1: f = 0.10 and z = 0.40
     -> # samples: 27 | Elapsed: 0.197s | Avg. Wbl. Time 0.004s | Avg. Qtl. Time 0.003s
     -> M = 0.421  |  Best = 0.252
     -- Updating F: 0.1 -> 0.1
     -- Updating Z: 0.2 -> 0.4
  --

  |_ Iteration #2: f = 0.10 and z = 0.60
     -> # samples: 27 | Elapsed: 0.195s | Avg. Wbl. Time 0.004s | Avg. Qtl. Time 0.003s
     -> M = 0.416  |  Best = 0.421
  --

  |_ Iteration #3: f = 0.10 and z = 0.80
     -> # samples: 27 | Elapsed: 0.197s | Avg. Wbl. Time 0.004s | Avg. Qtl. Time 0.003s
     -> M = 0.371  |  Best = 0.421
  --

  |_ Iteration #4: f = 0.10 and z = 1.00
     -> # samples: 27 | Elapsed: 0.196s | Avg. Wbl. Time 0.004s | Avg. Qtl. Time 0.003s
     -> M = 0.265  |  Best = 0.421
  --

  |_ Iteration #5: f = 0.20 and z = 0.20
     -> # samples: 27 | Elapsed: 0.195s | Avg. Wbl. Time 0.004s | Avg. Qtl. Time 0.003s
     -> M = 0.000  |  Best = 0.421
  --

  |_ Iteration #6: f = 0.20 and z = 0.40
     -> # samples: 27 | Elapsed: 0.195s | Avg. Wbl. Time 0.004s | Avg. Qtl. Time 0.003s
     -> M = 0.106  |  Best = 0.421
  --

  |_ Iteration #7: f = 0.20 and z = 0.60
     -> # samples: 27 | Elapsed: 0.195s | Avg. Wbl. Time 0.004s | Avg. Qtl. Time 0.003s
     -> M = 0.488  |  Best = 0.421
     -- Updating F: 0.1 -> 0.2
     -- Updating Z: 0.4 -> 0.6
  --

  |_ Iteration #8: f = 0.20 and z = 0.80
     -> # samples: 27 | Elapsed: 0.195s | Avg. Wbl. Time 0.004s | Avg. Qtl. Time 0.003s
     -> M = 0.461  |  Best = 0.488
  --

  |_ Iteration #9: f = 0.20 and z = 1.00
     -> # samples: 27 | Elapsed: 0.197s | Avg. Wbl. Time 0.004s | Avg. Qtl. Time 0.003s
     -> M = 0.350  |  Best = 0.488
  --

  |_ Iteration #10: f = 0.30 and z = 0.20
     -> # samples: 27 | Elapsed: 0.196s | Avg. Wbl. Time 0.004s | Avg. Qtl. Time 0.003s
     -> M = 0.000  |  Best = 0.488
  --

  |_ Iteration #11: f = 0.30 and z = 0.40
     -> # samples: 27 | Elapsed: 0.195s | Avg. Wbl. Time 0.004s | Avg. Qtl. Time 0.003s
     -> M = 0.000  |  Best = 0.488
  --

  |_ Iteration #12: f = 0.30 and z = 0.60
     -> # samples: 27 | Elapsed: 0.195s | Avg. Wbl. Time 0.004s | Avg. Qtl. Time 0.003s
     -> M = 0.460  |  Best = 0.488
  --

  |_ Iteration #13: f = 0.30 and z = 0.80
     -> # samples: 27 | Elapsed: 0.196s | Avg. Wbl. Time 0.004s | Avg. Qtl. Time 0.003s
     -> M = 0.645  |  Best = 0.488
     -- Updating F: 0.2 -> 0.3
     -- Updating Z: 0.6 -> 0.8
  --

  |_ Iteration #14: f = 0.30 and z = 1.00
     -> # samples: 27 | Elapsed: 0.196s | Avg. Wbl. Time 0.004s | Avg. Qtl. Time 0.003s
     -> M = 0.419  |  Best = 0.645
  --

  |_ Iteration #15: f = 0.40 and z = 0.20
     -> # samples: 27 | Elapsed: 0.193s | Avg. Wbl. Time 0.004s | Avg. Qtl. Time 0.003s
     -> M = 0.000  |  Best = 0.645
  --

  |_ Iteration #16: f = 0.40 and z = 0.40
     -> # samples: 27 | Elapsed: 0.194s | Avg. Wbl. Time 0.004s | Avg. Qtl. Time 0.003s
     -> M = 0.000  |  Best = 0.645
  --

  |_ Iteration #17: f = 0.40 and z = 0.60
     -> # samples: 27 | Elapsed: 0.194s | Avg. Wbl. Time 0.004s | Avg. Qtl. Time 0.003s
     -> M = 0.000  |  Best = 0.645
  --

  |_ Iteration #18: f = 0.40 and z = 0.80
     -> # samples: 27 | Elapsed: 0.200s | Avg. Wbl. Time 0.004s | Avg. Qtl. Time 0.003s
     -> M = 0.583  |  Best = 0.645
  --

  |_ Iteration #19: f = 0.40 and z = 1.00
     -> # samples: 27 | Elapsed: 0.208s | Avg. Wbl. Time 0.004s | Avg. Qtl. Time 0.003s
     -> M = 0.516  |  Best = 0.645
  --

  |_ Iteration #20: f = 0.50 and z = 0.20
     -> # samples: 27 | Elapsed: 0.213s | Avg. Wbl. Time 0.004s | Avg. Qtl. Time 0.003s
     -> M = 0.000  |  Best = 0.645
  --

  |_ Iteration #21: f = 0.50 and z = 0.40
     -> # samples: 27 | Elapsed: 0.210s | Avg. Wbl. Time 0.004s | Avg. Qtl. Time 0.003s
     -> M = 0.000  |  Best = 0.645
  --

  |_ Iteration #22: f = 0.50 and z = 0.60
     -> # samples: 27 | Elapsed: 0.214s | Avg. Wbl. Time 0.004s | Avg. Qtl. Time 0.004s
     -> M = 0.000  |  Best = 0.645
  --

  |_ Iteration #23: f = 0.50 and z = 0.80
     -> # samples: 27 | Elapsed: 0.235s | Avg. Wbl. Time 0.005s | Avg. Qtl. Time 0.004s
     -> M = 0.000  |  Best = 0.645
  --

  |_ Iteration #24: f = 0.50 and z = 1.00
     -> # samples: 27 | Elapsed: 0.225s | Avg. Wbl. Time 0.005s | Avg. Qtl. Time 0.004s
     -> M = 0.684  |  Best = 0.645
     -- Updating F: 0.3 -> 0.5
     -- Updating Z: 0.8 -> 1.0
  --

  |_ Iteration #25: f = 0.60 and z = 0.20
     -> # samples: 27 | Elapsed: 0.209s | Avg. Wbl. Time 0.004s | Avg. Qtl. Time 0.003s
     -> M = 0.000  |  Best = 0.684
  --

  |_ Iteration #26: f = 0.60 and z = 0.40
     -> # samples: 27 | Elapsed: 0.254s | Avg. Wbl. Time 0.005s | Avg. Qtl. Time 0.004s
     -> M = 0.000  |  Best = 0.684
  --

  |_ Iteration #27: f = 0.60 and z = 0.60
     -> # samples: 27 | Elapsed: 0.236s | Avg. Wbl. Time 0.005s | Avg. Qtl. Time 0.004s
     -> M = 0.000  |  Best = 0.684
  --

  |_ Iteration #28: f = 0.60 and z = 0.80
     -> # samples: 27 | Elapsed: 0.225s | Avg. Wbl. Time 0.004s | Avg. Qtl. Time 0.004s
     -> M = 0.000  |  Best = 0.684
  --

  |_ Iteration #29: f = 0.60 and z = 1.00
     -> # samples: 27 | Elapsed: 0.223s | Avg. Wbl. Time 0.004s | Avg. Qtl. Time 0.004s
     -> M = 0.661  |  Best = 0.684
  --

  |_ Iteration #30: f = 0.70 and z = 0.20
     -> # samples: 27 | Elapsed: 0.208s | Avg. Wbl. Time 0.004s | Avg. Qtl. Time 0.003s
     -> M = 0.000  |  Best = 0.684
  --

  |_ Iteration #31: f = 0.70 and z = 0.40
     -> # samples: 27 | Elapsed: 0.221s | Avg. Wbl. Time 0.004s | Avg. Qtl. Time 0.003s
     -> M = 0.000  |  Best = 0.684
  --

  |_ Iteration #32: f = 0.70 and z = 0.60
     -> # samples: 27 | Elapsed: 0.204s | Avg. Wbl. Time 0.004s | Avg. Qtl. Time 0.003s
     -> M = 0.000  |  Best = 0.684
  --

  |_ Iteration #33: f = 0.70 and z = 0.80
     -> # samples: 27 | Elapsed: 0.216s | Avg. Wbl. Time 0.004s | Avg. Qtl. Time 0.003s
     -> M = 0.000  |  Best = 0.684
  --

  |_ Iteration #34: f = 0.70 and z = 1.00
     -> # samples: 27 | Elapsed: 0.210s | Avg. Wbl. Time 0.004s | Avg. Qtl. Time 0.003s
     -> M = 0.000  |  Best = 0.684
  --

  |_ Iteration #35: f = 0.80 and z = 0.20
     -> # samples: 27 | Elapsed: 0.213s | Avg. Wbl. Time 0.004s | Avg. Qtl. Time 0.004s
     -> M = 0.000  |  Best = 0.684
  --

  |_ Iteration #36: f = 0.80 and z = 0.40
     -> # samples: 27 | Elapsed: 0.221s | Avg. Wbl. Time 0.004s | Avg. Qtl. Time 0.003s
     -> M = 0.000  |  Best = 0.684
  --

  |_ Iteration #37: f = 0.80 and z = 0.60
     -> # samples: 27 | Elapsed: 0.224s | Avg. Wbl. Time 0.004s | Avg. Qtl. Time 0.004s
     -> M = 0.000  |  Best = 0.684
  --

  |_ Iteration #38: f = 0.80 and z = 0.80
     -> # samples: 27 | Elapsed: 0.209s | Avg. Wbl. Time 0.004s | Avg. Qtl. Time 0.003s
     -> M = 0.000  |  Best = 0.684
  --

  |_ Iteration #39: f = 0.80 and z = 1.00
     -> # samples: 27 | Elapsed: 0.200s | Avg. Wbl. Time 0.004s | Avg. Qtl. Time 0.003s
     -> M = 0.000  |  Best = 0.684
  --

       -> With [1] as training (F, Z) = (0.5, 1.0)
    ->  oxford_desc1_r002_000_top10_irp.npy ... Done!
--- Fitting for f in [0.1 0.2 0.3 0.4 0.5 0.6 0.7 0.8] and z in [0.2 0.4 0.6 0.8 1. ]
-> Total iterations: 40
  |_ Iteration #0: f = 0.10 and z = 0.20
     -> # samples: 28 | Elapsed: 0.219s | Avg. Wbl. Time 0.004s | Avg. Qtl. Time 0.003s
     -> M = 0.089  |  Best = 0.000
     -- Updating F: 0.1 -> 0.1
     -- Updating Z: 0.2 -> 0.2
  --

  |_ Iteration #1: f = 0.10 and z = 0.40
     -> # samples: 28 | Elapsed: 0.228s | Avg. Wbl. Time 0.004s | Avg. Qtl. Time 0.004s
     -> M = 0.268  |  Best = 0.089
     -- Updating F: 0.1 -> 0.1
     -- Updating Z: 0.2 -> 0.4
  --

  |_ Iteration #2: f = 0.10 and z = 0.60
     -> # samples: 28 | Elapsed: 0.218s | Avg. Wbl. Time 0.004s | Avg. Qtl. Time 0.003s
     -> M = 0.449  |  Best = 0.268
     -- Updating F: 0.1 -> 0.1
     -- Updating Z: 0.4 -> 0.6
  --

  |_ Iteration #3: f = 0.10 and z = 0.80
     -> # samples: 28 | Elapsed: 0.217s | Avg. Wbl. Time 0.004s | Avg. Qtl. Time 0.003s
     -> M = 0.451  |  Best = 0.449
     -- Updating F: 0.1 -> 0.1
     -- Updating Z: 0.6 -> 0.8
  --

  |_ Iteration #4: f = 0.10 and z = 1.00
     -> # samples: 28 | Elapsed: 0.209s | Avg. Wbl. Time 0.004s | Avg. Qtl. Time 0.003s
     -> M = 0.367  |  Best = 0.451
  --

  |_ Iteration #5: f = 0.20 and z = 0.20
     -> # samples: 28 | Elapsed: 0.202s | Avg. Wbl. Time 0.004s | Avg. Qtl. Time 0.003s
     -> M = -0.048  |  Best = 0.451
  --

  |_ Iteration #6: f = 0.20 and z = 0.40
     -> # samples: 28 | Elapsed: 0.201s | Avg. Wbl. Time 0.004s | Avg. Qtl. Time 0.003s
     -> M = 0.063  |  Best = 0.451
  --

  |_ Iteration #7: f = 0.20 and z = 0.60
     -> # samples: 28 | Elapsed: 0.203s | Avg. Wbl. Time 0.004s | Avg. Qtl. Time 0.003s
     -> M = 0.467  |  Best = 0.451
     -- Updating F: 0.1 -> 0.2
     -- Updating Z: 0.8 -> 0.6
  --

  |_ Iteration #8: f = 0.20 and z = 0.80
     -> # samples: 28 | Elapsed: 0.200s | Avg. Wbl. Time 0.004s | Avg. Qtl. Time 0.003s
     -> M = 0.562  |  Best = 0.467
     -- Updating F: 0.2 -> 0.2
     -- Updating Z: 0.6 -> 0.8
  --

  |_ Iteration #9: f = 0.20 and z = 1.00
     -> # samples: 28 | Elapsed: 0.201s | Avg. Wbl. Time 0.004s | Avg. Qtl. Time 0.003s
     -> M = 0.409  |  Best = 0.562
  --

  |_ Iteration #10: f = 0.30 and z = 0.20
     -> # samples: 28 | Elapsed: 0.201s | Avg. Wbl. Time 0.004s | Avg. Qtl. Time 0.003s
     -> M = 0.000  |  Best = 0.562
  --

  |_ Iteration #11: f = 0.30 and z = 0.40
     -> # samples: 28 | Elapsed: 0.200s | Avg. Wbl. Time 0.004s | Avg. Qtl. Time 0.003s
     -> M = 0.000  |  Best = 0.562
  --

  |_ Iteration #12: f = 0.30 and z = 0.60
     -> # samples: 28 | Elapsed: 0.198s | Avg. Wbl. Time 0.004s | Avg. Qtl. Time 0.003s
     -> M = 0.230  |  Best = 0.562
  --

  |_ Iteration #13: f = 0.30 and z = 0.80
     -> # samples: 28 | Elapsed: 0.200s | Avg. Wbl. Time 0.004s | Avg. Qtl. Time 0.003s
     -> M = 0.671  |  Best = 0.562
     -- Updating F: 0.2 -> 0.3
     -- Updating Z: 0.8 -> 0.8
  --

  |_ Iteration #14: f = 0.30 and z = 1.00
     -> # samples: 28 | Elapsed: 0.201s | Avg. Wbl. Time 0.004s | Avg. Qtl. Time 0.003s
     -> M = 0.507  |  Best = 0.671
  --

  |_ Iteration #15: f = 0.40 and z = 0.20
     -> # samples: 28 | Elapsed: 0.202s | Avg. Wbl. Time 0.004s | Avg. Qtl. Time 0.003s
     -> M = 0.000  |  Best = 0.671
  --

  |_ Iteration #16: f = 0.40 and z = 0.40
     -> # samples: 28 | Elapsed: 0.201s | Avg. Wbl. Time 0.004s | Avg. Qtl. Time 0.003s
     -> M = 0.000  |  Best = 0.671
  --

  |_ Iteration #17: f = 0.40 and z = 0.60
     -> # samples: 28 | Elapsed: 0.202s | Avg. Wbl. Time 0.004s | Avg. Qtl. Time 0.003s
     -> M = 0.000  |  Best = 0.671
  --

  |_ Iteration #18: f = 0.40 and z = 0.80
     -> # samples: 28 | Elapsed: 0.203s | Avg. Wbl. Time 0.004s | Avg. Qtl. Time 0.003s
     -> M = 0.427  |  Best = 0.671
  --

  |_ Iteration #19: f = 0.40 and z = 1.00
     -> # samples: 28 | Elapsed: 0.202s | Avg. Wbl. Time 0.004s | Avg. Qtl. Time 0.003s
     -> M = 0.658  |  Best = 0.671
  --

  |_ Iteration #20: f = 0.50 and z = 0.20
     -> # samples: 28 | Elapsed: 0.202s | Avg. Wbl. Time 0.004s | Avg. Qtl. Time 0.003s
     -> M = 0.000  |  Best = 0.671
  --

  |_ Iteration #21: f = 0.50 and z = 0.40
     -> # samples: 28 | Elapsed: 0.202s | Avg. Wbl. Time 0.004s | Avg. Qtl. Time 0.003s
     -> M = 0.000  |  Best = 0.671
  --

  |_ Iteration #22: f = 0.50 and z = 0.60
     -> # samples: 28 | Elapsed: 0.204s | Avg. Wbl. Time 0.004s | Avg. Qtl. Time 0.003s
     -> M = 0.000  |  Best = 0.671
  --

  |_ Iteration #23: f = 0.50 and z = 0.80
     -> # samples: 28 | Elapsed: 0.209s | Avg. Wbl. Time 0.004s | Avg. Qtl. Time 0.003s
     -> M = 0.000  |  Best = 0.671
  --

  |_ Iteration #24: f = 0.50 and z = 1.00
     -> # samples: 28 | Elapsed: 0.202s | Avg. Wbl. Time 0.004s | Avg. Qtl. Time 0.003s
     -> M = 0.700  |  Best = 0.671
     -- Updating F: 0.3 -> 0.5
     -- Updating Z: 0.8 -> 1.0
  --

  |_ Iteration #25: f = 0.60 and z = 0.20
     -> # samples: 28 | Elapsed: 0.202s | Avg. Wbl. Time 0.004s | Avg. Qtl. Time 0.003s
     -> M = 0.000  |  Best = 0.700
  --

  |_ Iteration #26: f = 0.60 and z = 0.40
     -> # samples: 28 | Elapsed: 0.202s | Avg. Wbl. Time 0.004s | Avg. Qtl. Time 0.003s
     -> M = 0.000  |  Best = 0.700
  --

  |_ Iteration #27: f = 0.60 and z = 0.60
     -> # samples: 28 | Elapsed: 0.201s | Avg. Wbl. Time 0.004s | Avg. Qtl. Time 0.003s
     -> M = 0.000  |  Best = 0.700
  --

  |_ Iteration #28: f = 0.60 and z = 0.80
     -> # samples: 28 | Elapsed: 0.201s | Avg. Wbl. Time 0.004s | Avg. Qtl. Time 0.003s
     -> M = 0.000  |  Best = 0.700
  --

  |_ Iteration #29: f = 0.60 and z = 1.00
     -> # samples: 28 | Elapsed: 0.201s | Avg. Wbl. Time 0.004s | Avg. Qtl. Time 0.003s
     -> M = 0.472  |  Best = 0.700
  --

  |_ Iteration #30: f = 0.70 and z = 0.20
     -> # samples: 28 | Elapsed: 0.201s | Avg. Wbl. Time 0.004s | Avg. Qtl. Time 0.003s
     -> M = 0.000  |  Best = 0.700
  --

  |_ Iteration #31: f = 0.70 and z = 0.40
     -> # samples: 28 | Elapsed: 0.202s | Avg. Wbl. Time 0.004s | Avg. Qtl. Time 0.003s
     -> M = 0.000  |  Best = 0.700
  --

  |_ Iteration #32: f = 0.70 and z = 0.60
     -> # samples: 28 | Elapsed: 0.202s | Avg. Wbl. Time 0.004s | Avg. Qtl. Time 0.003s
     -> M = 0.000  |  Best = 0.700
  --

  |_ Iteration #33: f = 0.70 and z = 0.80
     -> # samples: 28 | Elapsed: 0.204s | Avg. Wbl. Time 0.004s | Avg. Qtl. Time 0.003s
     -> M = 0.000  |  Best = 0.700
  --

  |_ Iteration #34: f = 0.70 and z = 1.00
     -> # samples: 28 | Elapsed: 0.201s | Avg. Wbl. Time 0.004s | Avg. Qtl. Time 0.003s
     -> M = 0.000  |  Best = 0.700
  --

  |_ Iteration #35: f = 0.80 and z = 0.20
     -> # samples: 28 | Elapsed: 0.201s | Avg. Wbl. Time 0.004s | Avg. Qtl. Time 0.003s
     -> M = 0.000  |  Best = 0.700
  --

  |_ Iteration #36: f = 0.80 and z = 0.40
     -> # samples: 28 | Elapsed: 0.202s | Avg. Wbl. Time 0.004s | Avg. Qtl. Time 0.003s
     -> M = 0.000  |  Best = 0.700
  --

  |_ Iteration #37: f = 0.80 and z = 0.60
     -> # samples: 28 | Elapsed: 0.202s | Avg. Wbl. Time 0.004s | Avg. Qtl. Time 0.003s
     -> M = 0.000  |  Best = 0.700
  --

  |_ Iteration #38: f = 0.80 and z = 0.80
     -> # samples: 28 | Elapsed: 0.203s | Avg. Wbl. Time 0.004s | Avg. Qtl. Time 0.003s
     -> M = 0.000  |  Best = 0.700
  --

  |_ Iteration #39: f = 0.80 and z = 1.00
     -> # samples: 28 | Elapsed: 0.203s | Avg. Wbl. Time 0.004s | Avg. Qtl. Time 0.003s
     -> M = 0.000  |  Best = 0.700
  --

       -> With [0] as training (F, Z) = (0.5, 1.0)
    ->  oxford_desc1_r002_001_top10_irp.npy ... Done!
  -> Starting round #: 3
--- Fitting for f in [0.1 0.2 0.3 0.4 0.5 0.6 0.7 0.8] and z in [0.2 0.4 0.6 0.8 1. ]
-> Total iterations: 40
  |_ Iteration #0: f = 0.10 and z = 0.20
     -> # samples: 27 | Elapsed: 0.198s | Avg. Wbl. Time 0.004s | Avg. Qtl. Time 0.003s
     -> M = 0.106  |  Best = 0.000
     -- Updating F: 0.1 -> 0.1
     -- Updating Z: 0.2 -> 0.2
  --

  |_ Iteration #1: f = 0.10 and z = 0.40
     -> # samples: 27 | Elapsed: 0.209s | Avg. Wbl. Time 0.004s | Avg. Qtl. Time 0.004s
     -> M = 0.319  |  Best = 0.106
     -- Updating F: 0.1 -> 0.1
     -- Updating Z: 0.2 -> 0.4
  --

  |_ Iteration #2: f = 0.10 and z = 0.60
     -> # samples: 27 | Elapsed: 0.197s | Avg. Wbl. Time 0.004s | Avg. Qtl. Time 0.003s
     -> M = 0.425  |  Best = 0.319
     -- Updating F: 0.1 -> 0.1
     -- Updating Z: 0.4 -> 0.6
  --

  |_ Iteration #3: f = 0.10 and z = 0.80
     -> # samples: 27 | Elapsed: 0.200s | Avg. Wbl. Time 0.004s | Avg. Qtl. Time 0.003s
     -> M = 0.404  |  Best = 0.425
  --

  |_ Iteration #4: f = 0.10 and z = 1.00
     -> # samples: 27 | Elapsed: 0.200s | Avg. Wbl. Time 0.004s | Avg. Qtl. Time 0.003s
     -> M = 0.314  |  Best = 0.425
  --

  |_ Iteration #5: f = 0.20 and z = 0.20
     -> # samples: 27 | Elapsed: 0.195s | Avg. Wbl. Time 0.004s | Avg. Qtl. Time 0.003s
     -> M = 0.000  |  Best = 0.425
  --

  |_ Iteration #6: f = 0.20 and z = 0.40
     -> # samples: 27 | Elapsed: 0.195s | Avg. Wbl. Time 0.004s | Avg. Qtl. Time 0.003s
     -> M = 0.092  |  Best = 0.425
  --

  |_ Iteration #7: f = 0.20 and z = 0.60
     -> # samples: 27 | Elapsed: 0.194s | Avg. Wbl. Time 0.004s | Avg. Qtl. Time 0.003s
     -> M = 0.487  |  Best = 0.425
     -- Updating F: 0.1 -> 0.2
     -- Updating Z: 0.6 -> 0.6
  --

  |_ Iteration #8: f = 0.20 and z = 0.80
     -> # samples: 27 | Elapsed: 0.195s | Avg. Wbl. Time 0.004s | Avg. Qtl. Time 0.003s
     -> M = 0.491  |  Best = 0.487
     -- Updating F: 0.2 -> 0.2
     -- Updating Z: 0.6 -> 0.8
  --

  |_ Iteration #9: f = 0.20 and z = 1.00
     -> # samples: 27 | Elapsed: 0.196s | Avg. Wbl. Time 0.004s | Avg. Qtl. Time 0.003s
     -> M = 0.398  |  Best = 0.491
  --

  |_ Iteration #10: f = 0.30 and z = 0.20
     -> # samples: 27 | Elapsed: 0.195s | Avg. Wbl. Time 0.004s | Avg. Qtl. Time 0.003s
     -> M = 0.000  |  Best = 0.491
  --

  |_ Iteration #11: f = 0.30 and z = 0.40
     -> # samples: 27 | Elapsed: 0.194s | Avg. Wbl. Time 0.004s | Avg. Qtl. Time 0.003s
     -> M = 0.000  |  Best = 0.491
  --

  |_ Iteration #12: f = 0.30 and z = 0.60
     -> # samples: 27 | Elapsed: 0.194s | Avg. Wbl. Time 0.004s | Avg. Qtl. Time 0.003s
     -> M = 0.353  |  Best = 0.491
  --

  |_ Iteration #13: f = 0.30 and z = 0.80
     -> # samples: 27 | Elapsed: 0.197s | Avg. Wbl. Time 0.004s | Avg. Qtl. Time 0.003s
     -> M = 0.669  |  Best = 0.491
     -- Updating F: 0.2 -> 0.3
     -- Updating Z: 0.8 -> 0.8
  --

  |_ Iteration #14: f = 0.30 and z = 1.00
     -> # samples: 27 | Elapsed: 0.195s | Avg. Wbl. Time 0.004s | Avg. Qtl. Time 0.003s
     -> M = 0.466  |  Best = 0.669
  --

  |_ Iteration #15: f = 0.40 and z = 0.20
     -> # samples: 27 | Elapsed: 0.195s | Avg. Wbl. Time 0.004s | Avg. Qtl. Time 0.003s
     -> M = 0.000  |  Best = 0.669
  --

  |_ Iteration #16: f = 0.40 and z = 0.40
     -> # samples: 27 | Elapsed: 0.194s | Avg. Wbl. Time 0.004s | Avg. Qtl. Time 0.003s
     -> M = 0.000  |  Best = 0.669
  --

  |_ Iteration #17: f = 0.40 and z = 0.60
     -> # samples: 27 | Elapsed: 0.194s | Avg. Wbl. Time 0.004s | Avg. Qtl. Time 0.003s
     -> M = 0.000  |  Best = 0.669
  --

  |_ Iteration #18: f = 0.40 and z = 0.80
     -> # samples: 27 | Elapsed: 0.194s | Avg. Wbl. Time 0.004s | Avg. Qtl. Time 0.003s
     -> M = 0.476  |  Best = 0.669
  --

  |_ Iteration #19: f = 0.40 and z = 1.00
     -> # samples: 27 | Elapsed: 0.195s | Avg. Wbl. Time 0.004s | Avg. Qtl. Time 0.003s
     -> M = 0.558  |  Best = 0.669
  --

  |_ Iteration #20: f = 0.50 and z = 0.20
     -> # samples: 27 | Elapsed: 0.195s | Avg. Wbl. Time 0.004s | Avg. Qtl. Time 0.003s
     -> M = 0.000  |  Best = 0.669
  --

  |_ Iteration #21: f = 0.50 and z = 0.40
     -> # samples: 27 | Elapsed: 0.194s | Avg. Wbl. Time 0.004s | Avg. Qtl. Time 0.003s
     -> M = 0.000  |  Best = 0.669
  --

  |_ Iteration #22: f = 0.50 and z = 0.60
     -> # samples: 27 | Elapsed: 0.194s | Avg. Wbl. Time 0.004s | Avg. Qtl. Time 0.003s
     -> M = 0.000  |  Best = 0.669
  --

  |_ Iteration #23: f = 0.50 and z = 0.80
     -> # samples: 27 | Elapsed: 0.195s | Avg. Wbl. Time 0.004s | Avg. Qtl. Time 0.003s
     -> M = 0.000  |  Best = 0.669
  --

  |_ Iteration #24: f = 0.50 and z = 1.00
     -> # samples: 27 | Elapsed: 0.199s | Avg. Wbl. Time 0.004s | Avg. Qtl. Time 0.003s
     -> M = 0.688  |  Best = 0.669
     -- Updating F: 0.3 -> 0.5
     -- Updating Z: 0.8 -> 1.0
  --

  |_ Iteration #25: f = 0.60 and z = 0.20
     -> # samples: 27 | Elapsed: 0.198s | Avg. Wbl. Time 0.004s | Avg. Qtl. Time 0.003s
     -> M = 0.000  |  Best = 0.688
  --

  |_ Iteration #26: f = 0.60 and z = 0.40
     -> # samples: 27 | Elapsed: 0.196s | Avg. Wbl. Time 0.004s | Avg. Qtl. Time 0.003s
     -> M = 0.000  |  Best = 0.688
  --

  |_ Iteration #27: f = 0.60 and z = 0.60
     -> # samples: 27 | Elapsed: 0.195s | Avg. Wbl. Time 0.004s | Avg. Qtl. Time 0.003s
     -> M = 0.000  |  Best = 0.688
  --

  |_ Iteration #28: f = 0.60 and z = 0.80
     -> # samples: 27 | Elapsed: 0.197s | Avg. Wbl. Time 0.004s | Avg. Qtl. Time 0.003s
     -> M = 0.000  |  Best = 0.688
  --

  |_ Iteration #29: f = 0.60 and z = 1.00
     -> # samples: 27 | Elapsed: 0.196s | Avg. Wbl. Time 0.004s | Avg. Qtl. Time 0.003s
     -> M = 0.532  |  Best = 0.688
  --

  |_ Iteration #30: f = 0.70 and z = 0.20
     -> # samples: 27 | Elapsed: 0.194s | Avg. Wbl. Time 0.004s | Avg. Qtl. Time 0.003s
     -> M = 0.000  |  Best = 0.688
  --

  |_ Iteration #31: f = 0.70 and z = 0.40
     -> # samples: 27 | Elapsed: 0.194s | Avg. Wbl. Time 0.004s | Avg. Qtl. Time 0.003s
     -> M = 0.000  |  Best = 0.688
  --

  |_ Iteration #32: f = 0.70 and z = 0.60
     -> # samples: 27 | Elapsed: 0.199s | Avg. Wbl. Time 0.004s | Avg. Qtl. Time 0.003s
     -> M = 0.000  |  Best = 0.688
  --

  |_ Iteration #33: f = 0.70 and z = 0.80
     -> # samples: 27 | Elapsed: 0.198s | Avg. Wbl. Time 0.004s | Avg. Qtl. Time 0.003s
     -> M = 0.000  |  Best = 0.688
  --

  |_ Iteration #34: f = 0.70 and z = 1.00
     -> # samples: 27 | Elapsed: 0.200s | Avg. Wbl. Time 0.004s | Avg. Qtl. Time 0.003s
     -> M = 0.000  |  Best = 0.688
  --

  |_ Iteration #35: f = 0.80 and z = 0.20
     -> # samples: 27 | Elapsed: 0.196s | Avg. Wbl. Time 0.004s | Avg. Qtl. Time 0.003s
     -> M = 0.000  |  Best = 0.688
  --

  |_ Iteration #36: f = 0.80 and z = 0.40
     -> # samples: 27 | Elapsed: 0.195s | Avg. Wbl. Time 0.004s | Avg. Qtl. Time 0.003s
     -> M = 0.000  |  Best = 0.688
  --

  |_ Iteration #37: f = 0.80 and z = 0.60
     -> # samples: 27 | Elapsed: 0.197s | Avg. Wbl. Time 0.004s | Avg. Qtl. Time 0.003s
     -> M = 0.000  |  Best = 0.688
  --

  |_ Iteration #38: f = 0.80 and z = 0.80
     -> # samples: 27 | Elapsed: 0.198s | Avg. Wbl. Time 0.004s | Avg. Qtl. Time 0.003s
     -> M = 0.000  |  Best = 0.688
  --

  |_ Iteration #39: f = 0.80 and z = 1.00
     -> # samples: 27 | Elapsed: 0.198s | Avg. Wbl. Time 0.004s | Avg. Qtl. Time 0.003s
     -> M = 0.000  |  Best = 0.688
  --

       -> With [1] as training (F, Z) = (0.5, 1.0)
    ->  oxford_desc1_r003_000_top10_irp.npy ... Done!
--- Fitting for f in [0.1 0.2 0.3 0.4 0.5 0.6 0.7 0.8] and z in [0.2 0.4 0.6 0.8 1. ]
-> Total iterations: 40
  |_ Iteration #0: f = 0.10 and z = 0.20
     -> # samples: 28 | Elapsed: 0.211s | Avg. Wbl. Time 0.004s | Avg. Qtl. Time 0.003s
     -> M = 0.239  |  Best = 0.000
     -- Updating F: 0.1 -> 0.1
     -- Updating Z: 0.2 -> 0.2
  --

  |_ Iteration #1: f = 0.10 and z = 0.40
     -> # samples: 28 | Elapsed: 0.210s | Avg. Wbl. Time 0.004s | Avg. Qtl. Time 0.003s
     -> M = 0.350  |  Best = 0.239
     -- Updating F: 0.1 -> 0.1
     -- Updating Z: 0.2 -> 0.4
  --

  |_ Iteration #2: f = 0.10 and z = 0.60
     -> # samples: 28 | Elapsed: 0.206s | Avg. Wbl. Time 0.004s | Avg. Qtl. Time 0.003s
     -> M = 0.449  |  Best = 0.350
     -- Updating F: 0.1 -> 0.1
     -- Updating Z: 0.4 -> 0.6
  --

  |_ Iteration #3: f = 0.10 and z = 0.80
     -> # samples: 28 | Elapsed: 0.204s | Avg. Wbl. Time 0.004s | Avg. Qtl. Time 0.003s
     -> M = 0.433  |  Best = 0.449
  --

  |_ Iteration #4: f = 0.10 and z = 1.00
     -> # samples: 28 | Elapsed: 0.204s | Avg. Wbl. Time 0.004s | Avg. Qtl. Time 0.003s
     -> M = 0.322  |  Best = 0.449
  --

  |_ Iteration #5: f = 0.20 and z = 0.20
     -> # samples: 28 | Elapsed: 0.204s | Avg. Wbl. Time 0.004s | Avg. Qtl. Time 0.003s
     -> M = -0.040  |  Best = 0.449
  --

  |_ Iteration #6: f = 0.20 and z = 0.40
     -> # samples: 28 | Elapsed: 0.203s | Avg. Wbl. Time 0.004s | Avg. Qtl. Time 0.003s
     -> M = 0.088  |  Best = 0.449
  --

  |_ Iteration #7: f = 0.20 and z = 0.60
     -> # samples: 28 | Elapsed: 0.204s | Avg. Wbl. Time 0.004s | Avg. Qtl. Time 0.003s
     -> M = 0.470  |  Best = 0.449
     -- Updating F: 0.1 -> 0.2
     -- Updating Z: 0.6 -> 0.6
  --

  |_ Iteration #8: f = 0.20 and z = 0.80
     -> # samples: 28 | Elapsed: 0.203s | Avg. Wbl. Time 0.004s | Avg. Qtl. Time 0.003s
     -> M = 0.543  |  Best = 0.470
     -- Updating F: 0.2 -> 0.2
     -- Updating Z: 0.6 -> 0.8
  --

  |_ Iteration #9: f = 0.20 and z = 1.00
     -> # samples: 28 | Elapsed: 0.203s | Avg. Wbl. Time 0.004s | Avg. Qtl. Time 0.003s
     -> M = 0.372  |  Best = 0.543
  --

  |_ Iteration #10: f = 0.30 and z = 0.20
     -> # samples: 28 | Elapsed: 0.204s | Avg. Wbl. Time 0.004s | Avg. Qtl. Time 0.003s
     -> M = 0.000  |  Best = 0.543
  --

  |_ Iteration #11: f = 0.30 and z = 0.40
     -> # samples: 28 | Elapsed: 0.204s | Avg. Wbl. Time 0.004s | Avg. Qtl. Time 0.003s
     -> M = 0.000  |  Best = 0.543
  --

  |_ Iteration #12: f = 0.30 and z = 0.60
     -> # samples: 28 | Elapsed: 0.204s | Avg. Wbl. Time 0.004s | Avg. Qtl. Time 0.003s
     -> M = 0.306  |  Best = 0.543
  --

  |_ Iteration #13: f = 0.30 and z = 0.80
     -> # samples: 28 | Elapsed: 0.203s | Avg. Wbl. Time 0.004s | Avg. Qtl. Time 0.003s
     -> M = 0.664  |  Best = 0.543
     -- Updating F: 0.2 -> 0.3
     -- Updating Z: 0.8 -> 0.8
  --

  |_ Iteration #14: f = 0.30 and z = 1.00
     -> # samples: 28 | Elapsed: 0.203s | Avg. Wbl. Time 0.004s | Avg. Qtl. Time 0.003s
     -> M = 0.475  |  Best = 0.664
  --

  |_ Iteration #15: f = 0.40 and z = 0.20
     -> # samples: 28 | Elapsed: 0.204s | Avg. Wbl. Time 0.004s | Avg. Qtl. Time 0.003s
     -> M = 0.000  |  Best = 0.664
  --

  |_ Iteration #16: f = 0.40 and z = 0.40
     -> # samples: 28 | Elapsed: 0.203s | Avg. Wbl. Time 0.004s | Avg. Qtl. Time 0.003s
     -> M = 0.000  |  Best = 0.664
  --

  |_ Iteration #17: f = 0.40 and z = 0.60
     -> # samples: 28 | Elapsed: 0.204s | Avg. Wbl. Time 0.004s | Avg. Qtl. Time 0.003s
     -> M = 0.000  |  Best = 0.664
  --

  |_ Iteration #18: f = 0.40 and z = 0.80
     -> # samples: 28 | Elapsed: 0.204s | Avg. Wbl. Time 0.004s | Avg. Qtl. Time 0.003s
     -> M = 0.522  |  Best = 0.664
  --

  |_ Iteration #19: f = 0.40 and z = 1.00
     -> # samples: 28 | Elapsed: 0.204s | Avg. Wbl. Time 0.004s | Avg. Qtl. Time 0.003s
     -> M = 0.636  |  Best = 0.664
  --

  |_ Iteration #20: f = 0.50 and z = 0.20
     -> # samples: 28 | Elapsed: 0.205s | Avg. Wbl. Time 0.004s | Avg. Qtl. Time 0.003s
     -> M = 0.000  |  Best = 0.664
  --

  |_ Iteration #21: f = 0.50 and z = 0.40
     -> # samples: 28 | Elapsed: 0.203s | Avg. Wbl. Time 0.004s | Avg. Qtl. Time 0.003s
     -> M = 0.000  |  Best = 0.664
  --

  |_ Iteration #22: f = 0.50 and z = 0.60
     -> # samples: 28 | Elapsed: 0.203s | Avg. Wbl. Time 0.004s | Avg. Qtl. Time 0.003s
     -> M = 0.000  |  Best = 0.664
  --

  |_ Iteration #23: f = 0.50 and z = 0.80
     -> # samples: 28 | Elapsed: 0.214s | Avg. Wbl. Time 0.004s | Avg. Qtl. Time 0.003s
     -> M = 0.000  |  Best = 0.664
  --

  |_ Iteration #24: f = 0.50 and z = 1.00
     -> # samples: 28 | Elapsed: 0.211s | Avg. Wbl. Time 0.004s | Avg. Qtl. Time 0.003s
     -> M = 0.708  |  Best = 0.664
     -- Updating F: 0.3 -> 0.5
     -- Updating Z: 0.8 -> 1.0
  --

  |_ Iteration #25: f = 0.60 and z = 0.20
     -> # samples: 28 | Elapsed: 0.202s | Avg. Wbl. Time 0.004s | Avg. Qtl. Time 0.003s
     -> M = 0.000  |  Best = 0.708
  --

  |_ Iteration #26: f = 0.60 and z = 0.40
     -> # samples: 28 | Elapsed: 0.204s | Avg. Wbl. Time 0.004s | Avg. Qtl. Time 0.003s
     -> M = 0.000  |  Best = 0.708
  --

  |_ Iteration #27: f = 0.60 and z = 0.60
     -> # samples: 28 | Elapsed: 0.202s | Avg. Wbl. Time 0.004s | Avg. Qtl. Time 0.003s
     -> M = 0.000  |  Best = 0.708
  --

  |_ Iteration #28: f = 0.60 and z = 0.80
     -> # samples: 28 | Elapsed: 0.204s | Avg. Wbl. Time 0.004s | Avg. Qtl. Time 0.003s
     -> M = 0.000  |  Best = 0.708
  --

  |_ Iteration #29: f = 0.60 and z = 1.00
     -> # samples: 28 | Elapsed: 0.202s | Avg. Wbl. Time 0.004s | Avg. Qtl. Time 0.003s
     -> M = 0.584  |  Best = 0.708
  --

  |_ Iteration #30: f = 0.70 and z = 0.20
     -> # samples: 28 | Elapsed: 0.202s | Avg. Wbl. Time 0.004s | Avg. Qtl. Time 0.003s
     -> M = 0.000  |  Best = 0.708
  --

  |_ Iteration #31: f = 0.70 and z = 0.40
     -> # samples: 28 | Elapsed: 0.202s | Avg. Wbl. Time 0.004s | Avg. Qtl. Time 0.003s
     -> M = 0.000  |  Best = 0.708
  --

  |_ Iteration #32: f = 0.70 and z = 0.60
     -> # samples: 28 | Elapsed: 0.202s | Avg. Wbl. Time 0.004s | Avg. Qtl. Time 0.003s
     -> M = 0.000  |  Best = 0.708
  --

  |_ Iteration #33: f = 0.70 and z = 0.80
     -> # samples: 28 | Elapsed: 0.202s | Avg. Wbl. Time 0.004s | Avg. Qtl. Time 0.003s
     -> M = 0.000  |  Best = 0.708
  --

  |_ Iteration #34: f = 0.70 and z = 1.00
     -> # samples: 28 | Elapsed: 0.203s | Avg. Wbl. Time 0.004s | Avg. Qtl. Time 0.003s
     -> M = 0.000  |  Best = 0.708
  --

  |_ Iteration #35: f = 0.80 and z = 0.20
     -> # samples: 28 | Elapsed: 0.202s | Avg. Wbl. Time 0.004s | Avg. Qtl. Time 0.003s
     -> M = 0.000  |  Best = 0.708
  --

  |_ Iteration #36: f = 0.80 and z = 0.40
     -> # samples: 28 | Elapsed: 0.202s | Avg. Wbl. Time 0.004s | Avg. Qtl. Time 0.003s
     -> M = 0.000  |  Best = 0.708
  --

  |_ Iteration #37: f = 0.80 and z = 0.60
     -> # samples: 28 | Elapsed: 0.203s | Avg. Wbl. Time 0.004s | Avg. Qtl. Time 0.003s
     -> M = 0.000  |  Best = 0.708
  --

  |_ Iteration #38: f = 0.80 and z = 0.80
     -> # samples: 28 | Elapsed: 0.202s | Avg. Wbl. Time 0.004s | Avg. Qtl. Time 0.003s
     -> M = 0.000  |  Best = 0.708
  --

  |_ Iteration #39: f = 0.80 and z = 1.00
     -> # samples: 28 | Elapsed: 0.203s | Avg. Wbl. Time 0.004s | Avg. Qtl. Time 0.003s
     -> M = 0.000  |  Best = 0.708
  --

       -> With [0] as training (F, Z) = (0.5, 1.0)
    ->  oxford_desc1_r003_001_top10_irp.npy ... Done!
  -> Starting round #: 4
--- Fitting for f in [0.1 0.2 0.3 0.4 0.5 0.6 0.7 0.8] and z in [0.2 0.4 0.6 0.8 1. ]
-> Total iterations: 40
  |_ Iteration #0: f = 0.10 and z = 0.20
     -> # samples: 27 | Elapsed: 0.215s | Avg. Wbl. Time 0.004s | Avg. Qtl. Time 0.003s
     -> M = 0.180  |  Best = 0.000
     -- Updating F: 0.1 -> 0.1
     -- Updating Z: 0.2 -> 0.2
  --

  |_ Iteration #1: f = 0.10 and z = 0.40
     -> # samples: 27 | Elapsed: 0.201s | Avg. Wbl. Time 0.004s | Avg. Qtl. Time 0.003s
     -> M = 0.471  |  Best = 0.180
     -- Updating F: 0.1 -> 0.1
     -- Updating Z: 0.2 -> 0.4
  --

  |_ Iteration #2: f = 0.10 and z = 0.60
     -> # samples: 27 | Elapsed: 0.198s | Avg. Wbl. Time 0.004s | Avg. Qtl. Time 0.003s
     -> M = 0.630  |  Best = 0.471
     -- Updating F: 0.1 -> 0.1
     -- Updating Z: 0.4 -> 0.6
  --

  |_ Iteration #3: f = 0.10 and z = 0.80
     -> # samples: 27 | Elapsed: 0.196s | Avg. Wbl. Time 0.004s | Avg. Qtl. Time 0.003s
     -> M = 0.584  |  Best = 0.630
  --

  |_ Iteration #4: f = 0.10 and z = 1.00
     -> # samples: 27 | Elapsed: 0.198s | Avg. Wbl. Time 0.004s | Avg. Qtl. Time 0.003s
     -> M = 0.395  |  Best = 0.630
  --

  |_ Iteration #5: f = 0.20 and z = 0.20
     -> # samples: 27 | Elapsed: 0.196s | Avg. Wbl. Time 0.004s | Avg. Qtl. Time 0.003s
     -> M = 0.000  |  Best = 0.630
  --

  |_ Iteration #6: f = 0.20 and z = 0.40
     -> # samples: 27 | Elapsed: 0.196s | Avg. Wbl. Time 0.004s | Avg. Qtl. Time 0.003s
     -> M = 0.199  |  Best = 0.630
  --

  |_ Iteration #7: f = 0.20 and z = 0.60
     -> # samples: 27 | Elapsed: 0.194s | Avg. Wbl. Time 0.004s | Avg. Qtl. Time 0.003s
     -> M = 0.595  |  Best = 0.630
  --

  |_ Iteration #8: f = 0.20 and z = 0.80
     -> # samples: 27 | Elapsed: 0.204s | Avg. Wbl. Time 0.004s | Avg. Qtl. Time 0.003s
     -> M = 0.655  |  Best = 0.630
     -- Updating F: 0.1 -> 0.2
     -- Updating Z: 0.6 -> 0.8
  --

  |_ Iteration #9: f = 0.20 and z = 1.00
     -> # samples: 27 | Elapsed: 0.209s | Avg. Wbl. Time 0.004s | Avg. Qtl. Time 0.004s
     -> M = 0.497  |  Best = 0.655
  --

  |_ Iteration #10: f = 0.30 and z = 0.20
     -> # samples: 27 | Elapsed: 0.314s | Avg. Wbl. Time 0.006s | Avg. Qtl. Time 0.005s
     -> M = 0.000  |  Best = 0.655
  --

  |_ Iteration #11: f = 0.30 and z = 0.40
     -> # samples: 27 | Elapsed: 0.200s | Avg. Wbl. Time 0.004s | Avg. Qtl. Time 0.003s
     -> M = 0.000  |  Best = 0.655
  --

  |_ Iteration #12: f = 0.30 and z = 0.60
     -> # samples: 27 | Elapsed: 0.200s | Avg. Wbl. Time 0.004s | Avg. Qtl. Time 0.003s
     -> M = 0.293  |  Best = 0.655
  --

  |_ Iteration #13: f = 0.30 and z = 0.80
     -> # samples: 27 | Elapsed: 0.199s | Avg. Wbl. Time 0.004s | Avg. Qtl. Time 0.003s
     -> M = 0.734  |  Best = 0.655
     -- Updating F: 0.2 -> 0.3
     -- Updating Z: 0.8 -> 0.8
  --

  |_ Iteration #14: f = 0.30 and z = 1.00
     -> # samples: 27 | Elapsed: 0.197s | Avg. Wbl. Time 0.004s | Avg. Qtl. Time 0.003s
     -> M = 0.571  |  Best = 0.734
  --

  |_ Iteration #15: f = 0.40 and z = 0.20
     -> # samples: 27 | Elapsed: 0.199s | Avg. Wbl. Time 0.004s | Avg. Qtl. Time 0.003s
     -> M = 0.000  |  Best = 0.734
  --

  |_ Iteration #16: f = 0.40 and z = 0.40
     -> # samples: 27 | Elapsed: 0.198s | Avg. Wbl. Time 0.004s | Avg. Qtl. Time 0.003s
     -> M = 0.000  |  Best = 0.734
  --

  |_ Iteration #17: f = 0.40 and z = 0.60
     -> # samples: 27 | Elapsed: 0.198s | Avg. Wbl. Time 0.004s | Avg. Qtl. Time 0.003s
     -> M = 0.000  |  Best = 0.734
  --

  |_ Iteration #18: f = 0.40 and z = 0.80
     -> # samples: 27 | Elapsed: 0.199s | Avg. Wbl. Time 0.004s | Avg. Qtl. Time 0.003s
     -> M = 0.499  |  Best = 0.734
  --

  |_ Iteration #19: f = 0.40 and z = 1.00
     -> # samples: 27 | Elapsed: 0.199s | Avg. Wbl. Time 0.004s | Avg. Qtl. Time 0.003s
     -> M = 0.674  |  Best = 0.734
  --

  |_ Iteration #20: f = 0.50 and z = 0.20
     -> # samples: 27 | Elapsed: 0.197s | Avg. Wbl. Time 0.004s | Avg. Qtl. Time 0.003s
     -> M = 0.000  |  Best = 0.734
  --

  |_ Iteration #21: f = 0.50 and z = 0.40
     -> # samples: 27 | Elapsed: 0.196s | Avg. Wbl. Time 0.004s | Avg. Qtl. Time 0.003s
     -> M = 0.000  |  Best = 0.734
  --

  |_ Iteration #22: f = 0.50 and z = 0.60
     -> # samples: 27 | Elapsed: 0.196s | Avg. Wbl. Time 0.004s | Avg. Qtl. Time 0.003s
     -> M = 0.000  |  Best = 0.734
  --

  |_ Iteration #23: f = 0.50 and z = 0.80
     -> # samples: 27 | Elapsed: 0.195s | Avg. Wbl. Time 0.004s | Avg. Qtl. Time 0.003s
     -> M = 0.000  |  Best = 0.734
  --

  |_ Iteration #24: f = 0.50 and z = 1.00
     -> # samples: 27 | Elapsed: 0.194s | Avg. Wbl. Time 0.004s | Avg. Qtl. Time 0.003s
     -> M = 0.728  |  Best = 0.734
  --

  |_ Iteration #25: f = 0.60 and z = 0.20
     -> # samples: 27 | Elapsed: 0.195s | Avg. Wbl. Time 0.004s | Avg. Qtl. Time 0.003s
     -> M = 0.000  |  Best = 0.734
  --

  |_ Iteration #26: f = 0.60 and z = 0.40
     -> # samples: 27 | Elapsed: 0.195s | Avg. Wbl. Time 0.004s | Avg. Qtl. Time 0.003s
     -> M = 0.000  |  Best = 0.734
  --

  |_ Iteration #27: f = 0.60 and z = 0.60
     -> # samples: 27 | Elapsed: 0.208s | Avg. Wbl. Time 0.004s | Avg. Qtl. Time 0.003s
     -> M = 0.000  |  Best = 0.734
  --

  |_ Iteration #28: f = 0.60 and z = 0.80
     -> # samples: 27 | Elapsed: 0.204s | Avg. Wbl. Time 0.004s | Avg. Qtl. Time 0.003s
     -> M = 0.000  |  Best = 0.734
  --

  |_ Iteration #29: f = 0.60 and z = 1.00
     -> # samples: 27 | Elapsed: 0.198s | Avg. Wbl. Time 0.004s | Avg. Qtl. Time 0.003s
     -> M = 0.591  |  Best = 0.734
  --

  |_ Iteration #30: f = 0.70 and z = 0.20
     -> # samples: 27 | Elapsed: 0.209s | Avg. Wbl. Time 0.004s | Avg. Qtl. Time 0.004s
     -> M = 0.000  |  Best = 0.734
  --

  |_ Iteration #31: f = 0.70 and z = 0.40
     -> # samples: 27 | Elapsed: 0.211s | Avg. Wbl. Time 0.004s | Avg. Qtl. Time 0.003s
     -> M = 0.000  |  Best = 0.734
  --

  |_ Iteration #32: f = 0.70 and z = 0.60
     -> # samples: 27 | Elapsed: 0.223s | Avg. Wbl. Time 0.005s | Avg. Qtl. Time 0.003s
     -> M = 0.000  |  Best = 0.734
  --

  |_ Iteration #33: f = 0.70 and z = 0.80
     -> # samples: 27 | Elapsed: 0.200s | Avg. Wbl. Time 0.004s | Avg. Qtl. Time 0.003s
     -> M = 0.000  |  Best = 0.734
  --

  |_ Iteration #34: f = 0.70 and z = 1.00
     -> # samples: 27 | Elapsed: 0.200s | Avg. Wbl. Time 0.004s | Avg. Qtl. Time 0.003s
     -> M = 0.000  |  Best = 0.734
  --

  |_ Iteration #35: f = 0.80 and z = 0.20
     -> # samples: 27 | Elapsed: 0.197s | Avg. Wbl. Time 0.004s | Avg. Qtl. Time 0.003s
     -> M = 0.000  |  Best = 0.734
  --

  |_ Iteration #36: f = 0.80 and z = 0.40
     -> # samples: 27 | Elapsed: 0.196s | Avg. Wbl. Time 0.004s | Avg. Qtl. Time 0.003s
     -> M = 0.000  |  Best = 0.734
  --

  |_ Iteration #37: f = 0.80 and z = 0.60
     -> # samples: 27 | Elapsed: 0.196s | Avg. Wbl. Time 0.004s | Avg. Qtl. Time 0.003s
     -> M = 0.000  |  Best = 0.734
  --

  |_ Iteration #38: f = 0.80 and z = 0.80
     -> # samples: 27 | Elapsed: 0.207s | Avg. Wbl. Time 0.004s | Avg. Qtl. Time 0.003s
     -> M = 0.000  |  Best = 0.734
  --

  |_ Iteration #39: f = 0.80 and z = 1.00
     -> # samples: 27 | Elapsed: 0.203s | Avg. Wbl. Time 0.004s | Avg. Qtl. Time 0.003s
     -> M = 0.000  |  Best = 0.734
  --

       -> With [1] as training (F, Z) = (0.30000000000000004, 0.8)
    ->  oxford_desc1_r004_000_top10_irp.npy ... Done!
--- Fitting for f in [0.1 0.2 0.3 0.4 0.5 0.6 0.7 0.8] and z in [0.2 0.4 0.6 0.8 1. ]
-> Total iterations: 40
  |_ Iteration #0: f = 0.10 and z = 0.20
     -> # samples: 28 | Elapsed: 0.235s | Avg. Wbl. Time 0.004s | Avg. Qtl. Time 0.004s
     -> M = 0.137  |  Best = 0.000
     -- Updating F: 0.1 -> 0.1
     -- Updating Z: 0.2 -> 0.2
  --

  |_ Iteration #1: f = 0.10 and z = 0.40
     -> # samples: 28 | Elapsed: 0.210s | Avg. Wbl. Time 0.004s | Avg. Qtl. Time 0.003s
     -> M = 0.229  |  Best = 0.137
     -- Updating F: 0.1 -> 0.1
     -- Updating Z: 0.2 -> 0.4
  --

  |_ Iteration #2: f = 0.10 and z = 0.60
     -> # samples: 28 | Elapsed: 0.204s | Avg. Wbl. Time 0.004s | Avg. Qtl. Time 0.003s
     -> M = 0.265  |  Best = 0.229
     -- Updating F: 0.1 -> 0.1
     -- Updating Z: 0.4 -> 0.6
  --

  |_ Iteration #3: f = 0.10 and z = 0.80
     -> # samples: 28 | Elapsed: 0.201s | Avg. Wbl. Time 0.004s | Avg. Qtl. Time 0.003s
     -> M = 0.272  |  Best = 0.265
     -- Updating F: 0.1 -> 0.1
     -- Updating Z: 0.6 -> 0.8
  --

  |_ Iteration #4: f = 0.10 and z = 1.00
     -> # samples: 28 | Elapsed: 0.203s | Avg. Wbl. Time 0.004s | Avg. Qtl. Time 0.003s
     -> M = 0.248  |  Best = 0.272
  --

  |_ Iteration #5: f = 0.20 and z = 0.20
     -> # samples: 28 | Elapsed: 0.213s | Avg. Wbl. Time 0.004s | Avg. Qtl. Time 0.003s
     -> M = -0.036  |  Best = 0.272
  --

  |_ Iteration #6: f = 0.20 and z = 0.40
     -> # samples: 28 | Elapsed: 0.260s | Avg. Wbl. Time 0.005s | Avg. Qtl. Time 0.004s
     -> M = -0.063  |  Best = 0.272
  --

  |_ Iteration #7: f = 0.20 and z = 0.60
     -> # samples: 28 | Elapsed: 0.245s | Avg. Wbl. Time 0.005s | Avg. Qtl. Time 0.004s
     -> M = 0.356  |  Best = 0.272
     -- Updating F: 0.1 -> 0.2
     -- Updating Z: 0.8 -> 0.6
  --

  |_ Iteration #8: f = 0.20 and z = 0.80
     -> # samples: 28 | Elapsed: 0.206s | Avg. Wbl. Time 0.004s | Avg. Qtl. Time 0.003s
     -> M = 0.384  |  Best = 0.356
     -- Updating F: 0.2 -> 0.2
     -- Updating Z: 0.6 -> 0.8
  --

  |_ Iteration #9: f = 0.20 and z = 1.00
     -> # samples: 28 | Elapsed: 0.203s | Avg. Wbl. Time 0.004s | Avg. Qtl. Time 0.003s
     -> M = 0.283  |  Best = 0.384
  --

  |_ Iteration #10: f = 0.30 and z = 0.20
     -> # samples: 28 | Elapsed: 0.202s | Avg. Wbl. Time 0.004s | Avg. Qtl. Time 0.003s
     -> M = 0.000  |  Best = 0.384
  --

  |_ Iteration #11: f = 0.30 and z = 0.40
     -> # samples: 28 | Elapsed: 0.202s | Avg. Wbl. Time 0.004s | Avg. Qtl. Time 0.003s
     -> M = 0.000  |  Best = 0.384
  --

  |_ Iteration #12: f = 0.30 and z = 0.60
     -> # samples: 28 | Elapsed: 0.204s | Avg. Wbl. Time 0.004s | Avg. Qtl. Time 0.003s
     -> M = 0.381  |  Best = 0.384
  --

  |_ Iteration #13: f = 0.30 and z = 0.80
     -> # samples: 28 | Elapsed: 0.202s | Avg. Wbl. Time 0.004s | Avg. Qtl. Time 0.003s
     -> M = 0.578  |  Best = 0.384
     -- Updating F: 0.2 -> 0.3
     -- Updating Z: 0.8 -> 0.8
  --

  |_ Iteration #14: f = 0.30 and z = 1.00
     -> # samples: 28 | Elapsed: 0.202s | Avg. Wbl. Time 0.004s | Avg. Qtl. Time 0.003s
     -> M = 0.371  |  Best = 0.578
  --

  |_ Iteration #15: f = 0.40 and z = 0.20
     -> # samples: 28 | Elapsed: 0.201s | Avg. Wbl. Time 0.004s | Avg. Qtl. Time 0.003s
     -> M = 0.000  |  Best = 0.578
  --

  |_ Iteration #16: f = 0.40 and z = 0.40
     -> # samples: 28 | Elapsed: 0.202s | Avg. Wbl. Time 0.004s | Avg. Qtl. Time 0.003s
     -> M = 0.000  |  Best = 0.578
  --

  |_ Iteration #17: f = 0.40 and z = 0.60
     -> # samples: 28 | Elapsed: 0.201s | Avg. Wbl. Time 0.004s | Avg. Qtl. Time 0.003s
     -> M = 0.000  |  Best = 0.578
  --

  |_ Iteration #18: f = 0.40 and z = 0.80
     -> # samples: 28 | Elapsed: 0.203s | Avg. Wbl. Time 0.004s | Avg. Qtl. Time 0.003s
     -> M = 0.484  |  Best = 0.578
  --

  |_ Iteration #19: f = 0.40 and z = 1.00
     -> # samples: 28 | Elapsed: 0.206s | Avg. Wbl. Time 0.004s | Avg. Qtl. Time 0.003s
     -> M = 0.511  |  Best = 0.578
  --

  |_ Iteration #20: f = 0.50 and z = 0.20
     -> # samples: 28 | Elapsed: 0.203s | Avg. Wbl. Time 0.004s | Avg. Qtl. Time 0.003s
     -> M = 0.000  |  Best = 0.578
  --

  |_ Iteration #21: f = 0.50 and z = 0.40
     -> # samples: 28 | Elapsed: 0.205s | Avg. Wbl. Time 0.004s | Avg. Qtl. Time 0.003s
     -> M = 0.000  |  Best = 0.578
  --

  |_ Iteration #22: f = 0.50 and z = 0.60
     -> # samples: 28 | Elapsed: 0.212s | Avg. Wbl. Time 0.004s | Avg. Qtl. Time 0.003s
     -> M = 0.000  |  Best = 0.578
  --

  |_ Iteration #23: f = 0.50 and z = 0.80
     -> # samples: 28 | Elapsed: 0.204s | Avg. Wbl. Time 0.004s | Avg. Qtl. Time 0.003s
     -> M = 0.000  |  Best = 0.578
  --

  |_ Iteration #24: f = 0.50 and z = 1.00
     -> # samples: 28 | Elapsed: 0.204s | Avg. Wbl. Time 0.004s | Avg. Qtl. Time 0.003s
     -> M = 0.650  |  Best = 0.578
     -- Updating F: 0.3 -> 0.5
     -- Updating Z: 0.8 -> 1.0
  --

  |_ Iteration #25: f = 0.60 and z = 0.20
     -> # samples: 28 | Elapsed: 0.207s | Avg. Wbl. Time 0.004s | Avg. Qtl. Time 0.003s
     -> M = 0.000  |  Best = 0.650
  --

  |_ Iteration #26: f = 0.60 and z = 0.40
     -> # samples: 28 | Elapsed: 0.274s | Avg. Wbl. Time 0.005s | Avg. Qtl. Time 0.004s
     -> M = 0.000  |  Best = 0.650
  --

  |_ Iteration #27: f = 0.60 and z = 0.60
     -> # samples: 28 | Elapsed: 0.207s | Avg. Wbl. Time 0.004s | Avg. Qtl. Time 0.003s
     -> M = 0.000  |  Best = 0.650
  --

  |_ Iteration #28: f = 0.60 and z = 0.80
     -> # samples: 28 | Elapsed: 0.202s | Avg. Wbl. Time 0.004s | Avg. Qtl. Time 0.003s
     -> M = 0.000  |  Best = 0.650
  --

  |_ Iteration #29: f = 0.60 and z = 1.00
     -> # samples: 28 | Elapsed: 0.201s | Avg. Wbl. Time 0.004s | Avg. Qtl. Time 0.003s
     -> M = 0.496  |  Best = 0.650
  --

  |_ Iteration #30: f = 0.70 and z = 0.20
     -> # samples: 28 | Elapsed: 0.204s | Avg. Wbl. Time 0.004s | Avg. Qtl. Time 0.003s
     -> M = 0.000  |  Best = 0.650
  --

  |_ Iteration #31: f = 0.70 and z = 0.40
     -> # samples: 28 | Elapsed: 0.202s | Avg. Wbl. Time 0.004s | Avg. Qtl. Time 0.003s
     -> M = 0.000  |  Best = 0.650
  --

  |_ Iteration #32: f = 0.70 and z = 0.60
     -> # samples: 28 | Elapsed: 0.202s | Avg. Wbl. Time 0.004s | Avg. Qtl. Time 0.003s
     -> M = 0.000  |  Best = 0.650
  --

  |_ Iteration #33: f = 0.70 and z = 0.80
     -> # samples: 28 | Elapsed: 0.204s | Avg. Wbl. Time 0.004s | Avg. Qtl. Time 0.003s
     -> M = 0.000  |  Best = 0.650
  --

  |_ Iteration #34: f = 0.70 and z = 1.00
     -> # samples: 28 | Elapsed: 0.202s | Avg. Wbl. Time 0.004s | Avg. Qtl. Time 0.003s
     -> M = 0.000  |  Best = 0.650
  --

  |_ Iteration #35: f = 0.80 and z = 0.20
     -> # samples: 28 | Elapsed: 0.202s | Avg. Wbl. Time 0.004s | Avg. Qtl. Time 0.003s
     -> M = 0.000  |  Best = 0.650
  --

  |_ Iteration #36: f = 0.80 and z = 0.40
     -> # samples: 28 | Elapsed: 0.204s | Avg. Wbl. Time 0.004s | Avg. Qtl. Time 0.003s
     -> M = 0.000  |  Best = 0.650
  --

  |_ Iteration #37: f = 0.80 and z = 0.60
     -> # samples: 28 | Elapsed: 0.202s | Avg. Wbl. Time 0.004s | Avg. Qtl. Time 0.003s
     -> M = 0.000  |  Best = 0.650
  --

  |_ Iteration #38: f = 0.80 and z = 0.80
     -> # samples: 28 | Elapsed: 0.203s | Avg. Wbl. Time 0.004s | Avg. Qtl. Time 0.003s
     -> M = 0.000  |  Best = 0.650
  --

  |_ Iteration #39: f = 0.80 and z = 1.00
     -> # samples: 28 | Elapsed: 0.202s | Avg. Wbl. Time 0.004s | Avg. Qtl. Time 0.003s
     -> M = 0.000  |  Best = 0.650
  --

       -> With [0] as training (F, Z) = (0.5, 1.0)
    ->  oxford_desc1_r004_001_top10_irp.npy ... Done!
--- Done ---
